10:11:10.948 [Worker-1] INFO  o.a.AndroidAnnotationProcessor:85 - Initialize AndroidAnnotations 3.0.1 with options {phase=BUILD}
10:11:11.452 [Worker-1] INFO  o.a.AndroidAnnotationProcessor:85 - Initialize AndroidAnnotations 3.0.1 with options {phase=BUILD}
10:12:07.305 [Worker-1] INFO  o.a.AndroidAnnotationProcessor:85 - Initialize AndroidAnnotations 3.0.1 with options {phase=BUILD}
10:12:07.314 [Worker-1] INFO  o.a.AndroidAnnotationProcessor:109 - Start processing for 1 annotations on 1 elements
10:12:07.359 [Worker-1] DEBUG o.a.h.AndroidManifestFinder:137 - AndroidManifest.xml file found in parent folder /Users/panjigautama/Development/workspace_hackathon/hackathon: /Users/panjigautama/Development/workspace_hackathon/hackathon/AndroidManifest.xml
10:12:07.362 [Worker-1] INFO  o.a.AndroidAnnotationProcessor:172 - AndroidManifest.xml found: AndroidManifest [applicationPackage=com.hackathon.pemilu, componentQualifiedNames=[com.hackathon.pemilu.MainActivity], permissionQualifiedNames=[], applicationClassName=null, libraryProject=false, debugabble=false, minSdkVersion=14, maxSdkVersion=-1, targetSdkVersion=19]
10:12:07.364 [Worker-1] INFO  o.a.r.ProjectRClassFinder:50 - Found project R class: com.hackathon.pemilu.R
10:12:07.383 [Worker-1] INFO  o.a.r.AndroidRClassFinder:44 - Found Android class: android.R
10:12:07.412 [Worker-1] INFO  o.a.p.ModelValidator:42 - Validating elements
10:12:07.413 [Worker-1] DEBUG o.a.p.ModelValidator:62 - Validating with EActivityHandler: [com.hackathon.pemilu.MainActivity]
10:12:07.417 [Worker-1] ERROR o.a.h.AnnotationHelper:110 - The AndroidManifest.xml file contains the original component, and not the AndroidAnnotations generated component. Please register MainActivity_ instead of MainActivity
10:12:07.417 [Worker-1] WARN  o.a.p.ModelValidator:69 - Element EActivityHandler unvalidated by 
10:12:07.428 [Worker-1] INFO  o.a.p.ModelProcessor:73 - Processing root elements
10:12:07.428 [Worker-1] INFO  o.a.p.ModelProcessor:104 - Processing enclosed elements
10:12:07.430 [Worker-1] INFO  o.a.AndroidAnnotationProcessor:251 - Number of files generated by AndroidAnnotations: 0
10:12:07.433 [Worker-1] INFO  o.a.g.ApiCodeGenerator:52 - Writting following API classes in project: []
10:12:07.435 [Worker-1] INFO  o.a.p.TimeStats:81 - Time measurements: [Whole Processing = 121 ms], [Extract Annotations = 42 ms], [Find R Classes = 31 ms], [Process Annotations = 11 ms], [Validate Annotations = 7 ms], [Generate Sources = 6 ms], [Extract Manifest = 4 ms], 
10:12:07.435 [Worker-1] INFO  o.a.AndroidAnnotationProcessor:123 - Finish processing
10:12:11.79 [Worker-2] INFO  o.a.AndroidAnnotationProcessor:85 - Initialize AndroidAnnotations 3.0.1 with options {phase=BUILD}
10:12:11.83 [Worker-2] INFO  o.a.AndroidAnnotationProcessor:109 - Start processing for 1 annotations on 4 elements
10:12:11.96 [Worker-2] DEBUG o.a.h.AndroidManifestFinder:137 - AndroidManifest.xml file found in parent folder /Users/panjigautama/Development/workspace_hackathon/hackathon: /Users/panjigautama/Development/workspace_hackathon/hackathon/AndroidManifest.xml
10:12:11.98 [Worker-2] INFO  o.a.AndroidAnnotationProcessor:172 - AndroidManifest.xml found: AndroidManifest [applicationPackage=com.hackathon.pemilu, componentQualifiedNames=[com.hackathon.pemilu.MainActivity], permissionQualifiedNames=[], applicationClassName=null, libraryProject=false, debugabble=false, minSdkVersion=14, maxSdkVersion=-1, targetSdkVersion=19]
10:12:11.98 [Worker-2] INFO  o.a.r.ProjectRClassFinder:50 - Found project R class: com.hackathon.pemilu.R
10:12:11.116 [Worker-2] INFO  o.a.r.AndroidRClassFinder:44 - Found Android class: android.R
10:12:11.122 [Worker-2] INFO  o.a.p.ModelValidator:42 - Validating elements
10:12:11.123 [Worker-2] DEBUG o.a.p.ModelValidator:62 - Validating with EActivityHandler: [com.hackathon.pemilu.MainActivity]
10:12:11.124 [Worker-2] ERROR o.a.h.AnnotationHelper:110 - The AndroidManifest.xml file contains the original component, and not the AndroidAnnotations generated component. Please register MainActivity_ instead of MainActivity
10:12:11.124 [Worker-2] WARN  o.a.p.ModelValidator:69 - Element EActivityHandler unvalidated by 
10:12:11.125 [Worker-2] INFO  o.a.p.ModelProcessor:73 - Processing root elements
10:12:11.125 [Worker-2] INFO  o.a.p.ModelProcessor:104 - Processing enclosed elements
10:12:11.126 [Worker-2] INFO  o.a.AndroidAnnotationProcessor:251 - Number of files generated by AndroidAnnotations: 0
10:12:11.126 [Worker-2] INFO  o.a.g.ApiCodeGenerator:52 - Writting following API classes in project: []
10:12:11.126 [Worker-2] INFO  o.a.p.TimeStats:81 - Time measurements: [Whole Processing = 43 ms], [Find R Classes = 24 ms], [Extract Annotations = 13 ms], [Validate Annotations = 3 ms], [Extract Manifest = 2 ms], [Process Annotations = 1 ms], [Generate Sources = 0 ms], 
10:12:11.127 [Worker-2] INFO  o.a.AndroidAnnotationProcessor:123 - Finish processing
10:12:28.972 [Worker-9] INFO  o.a.AndroidAnnotationProcessor:85 - Initialize AndroidAnnotations 3.0.1 with options {phase=BUILD}
10:12:46.343 [Worker-2] INFO  o.a.AndroidAnnotationProcessor:85 - Initialize AndroidAnnotations 3.0.1 with options {phase=BUILD}
10:12:46.345 [Worker-2] INFO  o.a.AndroidAnnotationProcessor:109 - Start processing for 1 annotations on 5 elements
10:12:46.361 [Worker-2] DEBUG o.a.h.AndroidManifestFinder:137 - AndroidManifest.xml file found in parent folder /Users/panjigautama/Development/workspace_hackathon/hackathon: /Users/panjigautama/Development/workspace_hackathon/hackathon/AndroidManifest.xml
10:12:46.364 [Worker-2] INFO  o.a.AndroidAnnotationProcessor:172 - AndroidManifest.xml found: AndroidManifest [applicationPackage=com.hackathon.pemilu, componentQualifiedNames=[com.hackathon.pemilu.MainActivity_], permissionQualifiedNames=[], applicationClassName=null, libraryProject=false, debugabble=false, minSdkVersion=14, maxSdkVersion=-1, targetSdkVersion=19]
10:12:46.364 [Worker-2] INFO  o.a.r.ProjectRClassFinder:50 - Found project R class: com.hackathon.pemilu.R
10:12:46.371 [Worker-2] INFO  o.a.r.AndroidRClassFinder:44 - Found Android class: android.R
10:12:46.376 [Worker-2] INFO  o.a.p.ModelValidator:42 - Validating elements
10:12:46.404 [Worker-2] DEBUG o.a.p.ModelValidator:62 - Validating with EActivityHandler: [com.hackathon.pemilu.MainActivity]
10:12:46.406 [Worker-2] INFO  o.a.p.ModelProcessor:73 - Processing root elements
10:12:46.407 [Worker-2] DEBUG o.a.p.ModelProcessor:80 - Processing root elements EActivityHandler: [com.hackathon.pemilu.MainActivity]
10:12:46.446 [Worker-2] INFO  o.a.p.ModelProcessor:104 - Processing enclosed elements
10:12:46.447 [Worker-2] INFO  o.a.AndroidAnnotationProcessor:251 - Number of files generated by AndroidAnnotations: 1
10:12:46.475 [Worker-2] INFO  o.a.g.ApiCodeGenerator:52 - Writting following API classes in project: []
10:12:46.477 [Worker-2] DEBUG o.a.g.SourceCodewriter:55 - Generating class: com.hackathon.pemilu.MainActivity_
10:12:46.559 [Worker-2] INFO  o.a.p.TimeStats:81 - Time measurements: [Whole Processing = 214 ms], [Generate Sources = 112 ms], [Process Annotations = 41 ms], [Validate Annotations = 30 ms], [Extract Annotations = 15 ms], [Find R Classes = 12 ms], [Extract Manifest = 3 ms], 
10:12:46.560 [Worker-2] INFO  o.a.AndroidAnnotationProcessor:123 - Finish processing
10:14:13.508 [Worker-0] INFO  o.a.AndroidAnnotationProcessor:85 - Initialize AndroidAnnotations 3.0.1 with options {phase=BUILD}
10:14:13.570 [Worker-0] INFO  o.a.AndroidAnnotationProcessor:109 - Start processing for 1 annotations on 5 elements
10:14:13.612 [Worker-0] DEBUG o.a.h.AndroidManifestFinder:137 - AndroidManifest.xml file found in parent folder /Users/panjigautama/Development/workspace_hackathon/hackathon: /Users/panjigautama/Development/workspace_hackathon/hackathon/AndroidManifest.xml
10:14:13.616 [Worker-0] INFO  o.a.AndroidAnnotationProcessor:172 - AndroidManifest.xml found: AndroidManifest [applicationPackage=com.hackathon.pemilu, componentQualifiedNames=[com.hackathon.pemilu.MainActivity_], permissionQualifiedNames=[], applicationClassName=null, libraryProject=false, debugabble=false, minSdkVersion=14, maxSdkVersion=-1, targetSdkVersion=19]
10:14:13.617 [Worker-0] INFO  o.a.r.ProjectRClassFinder:50 - Found project R class: com.hackathon.pemilu.R
10:14:13.633 [Worker-0] INFO  o.a.r.AndroidRClassFinder:44 - Found Android class: android.R
10:14:13.653 [Worker-0] INFO  o.a.p.ModelValidator:42 - Validating elements
10:14:13.654 [Worker-0] DEBUG o.a.p.ModelValidator:62 - Validating with EActivityHandler: [com.hackathon.pemilu.MainActivity]
10:14:13.666 [Worker-0] INFO  o.a.p.ModelProcessor:73 - Processing root elements
10:14:13.666 [Worker-0] DEBUG o.a.p.ModelProcessor:80 - Processing root elements EActivityHandler: [com.hackathon.pemilu.MainActivity]
10:14:13.690 [Worker-0] INFO  o.a.p.ModelProcessor:104 - Processing enclosed elements
10:14:13.691 [Worker-0] INFO  o.a.AndroidAnnotationProcessor:251 - Number of files generated by AndroidAnnotations: 1
10:14:13.693 [Worker-0] INFO  o.a.g.ApiCodeGenerator:52 - Writting following API classes in project: []
10:14:13.695 [Worker-0] DEBUG o.a.g.SourceCodewriter:55 - Generating class: com.hackathon.pemilu.MainActivity_
10:14:13.722 [Worker-0] INFO  o.a.p.TimeStats:81 - Time measurements: [Whole Processing = 152 ms], [Extract Annotations = 38 ms], [Process Annotations = 33 ms], [Generate Sources = 31 ms], [Find R Classes = 27 ms], [Extract Manifest = 6 ms], [Validate Annotations = 6 ms], 
10:14:13.723 [Worker-0] INFO  o.a.AndroidAnnotationProcessor:123 - Finish processing
10:14:15.91 [Worker-0] INFO  o.a.AndroidAnnotationProcessor:85 - Initialize AndroidAnnotations 3.0.1 with options {phase=BUILD}
10:14:15.92 [Worker-0] INFO  o.a.AndroidAnnotationProcessor:109 - Start processing for 1 annotations on 5 elements
10:14:15.103 [Worker-0] DEBUG o.a.h.AndroidManifestFinder:137 - AndroidManifest.xml file found in parent folder /Users/panjigautama/Development/workspace_hackathon/hackathon: /Users/panjigautama/Development/workspace_hackathon/hackathon/AndroidManifest.xml
10:14:15.105 [Worker-0] INFO  o.a.AndroidAnnotationProcessor:172 - AndroidManifest.xml found: AndroidManifest [applicationPackage=com.hackathon.pemilu, componentQualifiedNames=[com.hackathon.pemilu.MainActivity_], permissionQualifiedNames=[], applicationClassName=null, libraryProject=false, debugabble=false, minSdkVersion=14, maxSdkVersion=-1, targetSdkVersion=19]
10:14:15.105 [Worker-0] INFO  o.a.r.ProjectRClassFinder:50 - Found project R class: com.hackathon.pemilu.R
10:14:15.110 [Worker-0] INFO  o.a.r.AndroidRClassFinder:44 - Found Android class: android.R
10:14:15.114 [Worker-0] INFO  o.a.p.ModelValidator:42 - Validating elements
10:14:15.115 [Worker-0] DEBUG o.a.p.ModelValidator:62 - Validating with EActivityHandler: [com.hackathon.pemilu.MainActivity]
10:14:15.116 [Worker-0] INFO  o.a.p.ModelProcessor:73 - Processing root elements
10:14:15.116 [Worker-0] DEBUG o.a.p.ModelProcessor:80 - Processing root elements EActivityHandler: [com.hackathon.pemilu.MainActivity]
10:14:15.128 [Worker-0] INFO  o.a.p.ModelProcessor:104 - Processing enclosed elements
10:14:15.128 [Worker-0] INFO  o.a.AndroidAnnotationProcessor:251 - Number of files generated by AndroidAnnotations: 1
10:14:15.129 [Worker-0] INFO  o.a.g.ApiCodeGenerator:52 - Writting following API classes in project: []
10:14:15.129 [Worker-0] DEBUG o.a.g.SourceCodewriter:55 - Generating class: com.hackathon.pemilu.MainActivity_
10:14:15.134 [Worker-0] INFO  o.a.p.TimeStats:81 - Time measurements: [Whole Processing = 42 ms], [Process Annotations = 12 ms], [Extract Annotations = 11 ms], [Find R Classes = 9 ms], [Generate Sources = 6 ms], [Extract Manifest = 2 ms], [Validate Annotations = 2 ms], 
10:14:15.134 [Worker-0] INFO  o.a.AndroidAnnotationProcessor:123 - Finish processing
10:14:26.286 [Worker-9] INFO  o.a.AndroidAnnotationProcessor:85 - Initialize AndroidAnnotations 3.0.1 with options {phase=BUILD}
10:14:26.289 [Worker-9] INFO  o.a.AndroidAnnotationProcessor:109 - Start processing for 1 annotations on 5 elements
10:14:26.313 [Worker-9] DEBUG o.a.h.AndroidManifestFinder:137 - AndroidManifest.xml file found in parent folder /Users/panjigautama/Development/workspace_hackathon/hackathon: /Users/panjigautama/Development/workspace_hackathon/hackathon/AndroidManifest.xml
10:14:26.316 [Worker-9] INFO  o.a.AndroidAnnotationProcessor:172 - AndroidManifest.xml found: AndroidManifest [applicationPackage=com.hackathon.pemilu, componentQualifiedNames=[com.hackathon.pemilu.MainActivity_], permissionQualifiedNames=[], applicationClassName=null, libraryProject=false, debugabble=false, minSdkVersion=14, maxSdkVersion=-1, targetSdkVersion=19]
10:14:26.316 [Worker-9] INFO  o.a.r.ProjectRClassFinder:50 - Found project R class: com.hackathon.pemilu.R
10:14:26.321 [Worker-9] INFO  o.a.r.AndroidRClassFinder:44 - Found Android class: android.R
10:14:26.325 [Worker-9] INFO  o.a.p.ModelValidator:42 - Validating elements
10:14:26.325 [Worker-9] DEBUG o.a.p.ModelValidator:62 - Validating with EActivityHandler: [com.hackathon.pemilu.MainActivity]
10:14:26.326 [Worker-9] INFO  o.a.p.ModelProcessor:73 - Processing root elements
10:14:26.326 [Worker-9] DEBUG o.a.p.ModelProcessor:80 - Processing root elements EActivityHandler: [com.hackathon.pemilu.MainActivity]
10:14:26.328 [Worker-9] INFO  o.a.p.ModelProcessor:104 - Processing enclosed elements
10:14:26.329 [Worker-9] INFO  o.a.AndroidAnnotationProcessor:251 - Number of files generated by AndroidAnnotations: 1
10:14:26.329 [Worker-9] INFO  o.a.g.ApiCodeGenerator:52 - Writting following API classes in project: []
10:14:26.330 [Worker-9] DEBUG o.a.g.SourceCodewriter:55 - Generating class: com.hackathon.pemilu.MainActivity_
10:14:26.334 [Worker-9] INFO  o.a.p.TimeStats:81 - Time measurements: [Whole Processing = 45 ms], [Extract Annotations = 23 ms], [Find R Classes = 8 ms], [Generate Sources = 5 ms], [Extract Manifest = 3 ms], [Process Annotations = 3 ms], [Validate Annotations = 1 ms], 
10:14:26.334 [Worker-9] INFO  o.a.AndroidAnnotationProcessor:123 - Finish processing
10:14:28.478 [Worker-1] INFO  o.a.AndroidAnnotationProcessor:85 - Initialize AndroidAnnotations 3.0.1 with options {phase=BUILD}
10:14:28.479 [Worker-1] INFO  o.a.AndroidAnnotationProcessor:109 - Start processing for 1 annotations on 5 elements
10:14:28.491 [Worker-1] DEBUG o.a.h.AndroidManifestFinder:137 - AndroidManifest.xml file found in parent folder /Users/panjigautama/Development/workspace_hackathon/hackathon: /Users/panjigautama/Development/workspace_hackathon/hackathon/AndroidManifest.xml
10:14:28.494 [Worker-1] INFO  o.a.AndroidAnnotationProcessor:172 - AndroidManifest.xml found: AndroidManifest [applicationPackage=com.hackathon.pemilu, componentQualifiedNames=[com.hackathon.pemilu.MainActivity_], permissionQualifiedNames=[], applicationClassName=null, libraryProject=false, debugabble=false, minSdkVersion=14, maxSdkVersion=-1, targetSdkVersion=19]
10:14:28.494 [Worker-1] INFO  o.a.r.ProjectRClassFinder:50 - Found project R class: com.hackathon.pemilu.R
10:14:28.499 [Worker-1] INFO  o.a.r.AndroidRClassFinder:44 - Found Android class: android.R
10:14:28.503 [Worker-1] INFO  o.a.p.ModelValidator:42 - Validating elements
10:14:28.504 [Worker-1] DEBUG o.a.p.ModelValidator:62 - Validating with EActivityHandler: [com.hackathon.pemilu.MainActivity]
10:14:28.505 [Worker-1] INFO  o.a.p.ModelProcessor:73 - Processing root elements
10:14:28.505 [Worker-1] DEBUG o.a.p.ModelProcessor:80 - Processing root elements EActivityHandler: [com.hackathon.pemilu.MainActivity]
10:14:28.508 [Worker-1] INFO  o.a.p.ModelProcessor:104 - Processing enclosed elements
10:14:28.509 [Worker-1] INFO  o.a.AndroidAnnotationProcessor:251 - Number of files generated by AndroidAnnotations: 1
10:14:28.509 [Worker-1] INFO  o.a.g.ApiCodeGenerator:52 - Writting following API classes in project: []
10:14:28.509 [Worker-1] DEBUG o.a.g.SourceCodewriter:55 - Generating class: com.hackathon.pemilu.MainActivity_
10:14:28.514 [Worker-1] INFO  o.a.p.TimeStats:81 - Time measurements: [Whole Processing = 35 ms], [Extract Annotations = 12 ms], [Find R Classes = 9 ms], [Generate Sources = 5 ms], [Process Annotations = 4 ms], [Extract Manifest = 3 ms], [Validate Annotations = 2 ms], 
10:14:28.515 [Worker-1] INFO  o.a.AndroidAnnotationProcessor:123 - Finish processing
10:14:36.487 [Worker-9] INFO  o.a.AndroidAnnotationProcessor:85 - Initialize AndroidAnnotations 3.0.1 with options {phase=BUILD}
10:18:10.719 [Worker-0] INFO  o.a.AndroidAnnotationProcessor:85 - Initialize AndroidAnnotations 3.0.1 with options {phase=BUILD}
10:18:10.795 [Worker-0] INFO  o.a.AndroidAnnotationProcessor:109 - Start processing for 1 annotations on 5 elements
10:18:10.835 [Worker-0] DEBUG o.a.h.AndroidManifestFinder:137 - AndroidManifest.xml file found in parent folder /Users/panjigautama/Development/workspace_hackathon/hackathon: /Users/panjigautama/Development/workspace_hackathon/hackathon/AndroidManifest.xml
10:18:10.838 [Worker-0] INFO  o.a.AndroidAnnotationProcessor:172 - AndroidManifest.xml found: AndroidManifest [applicationPackage=com.hackathon.pemilu, componentQualifiedNames=[com.hackathon.pemilu.MainActivity_], permissionQualifiedNames=[], applicationClassName=null, libraryProject=false, debugabble=false, minSdkVersion=14, maxSdkVersion=-1, targetSdkVersion=19]
10:18:10.839 [Worker-0] INFO  o.a.r.ProjectRClassFinder:50 - Found project R class: com.hackathon.pemilu.R
10:18:10.856 [Worker-0] INFO  o.a.r.AndroidRClassFinder:44 - Found Android class: android.R
10:18:10.878 [Worker-0] INFO  o.a.p.ModelValidator:42 - Validating elements
10:18:10.879 [Worker-0] DEBUG o.a.p.ModelValidator:62 - Validating with EActivityHandler: [com.hackathon.pemilu.MainActivity]
10:18:10.892 [Worker-0] INFO  o.a.p.ModelProcessor:73 - Processing root elements
10:18:10.892 [Worker-0] DEBUG o.a.p.ModelProcessor:80 - Processing root elements EActivityHandler: [com.hackathon.pemilu.MainActivity]
10:18:10.916 [Worker-0] INFO  o.a.p.ModelProcessor:104 - Processing enclosed elements
10:18:10.917 [Worker-0] INFO  o.a.AndroidAnnotationProcessor:251 - Number of files generated by AndroidAnnotations: 1
10:18:10.919 [Worker-0] INFO  o.a.g.ApiCodeGenerator:52 - Writting following API classes in project: []
10:18:10.921 [Worker-0] DEBUG o.a.g.SourceCodewriter:55 - Generating class: com.hackathon.pemilu.MainActivity_
10:18:10.980 [Worker-0] INFO  o.a.p.TimeStats:81 - Time measurements: [Whole Processing = 185 ms], [Generate Sources = 63 ms], [Extract Annotations = 38 ms], [Process Annotations = 35 ms], [Find R Classes = 30 ms], [Extract Manifest = 5 ms], [Validate Annotations = 4 ms], 
10:18:10.981 [Worker-0] INFO  o.a.AndroidAnnotationProcessor:123 - Finish processing
10:18:15.955 [Worker-1] INFO  o.a.AndroidAnnotationProcessor:85 - Initialize AndroidAnnotations 3.0.1 with options {phase=BUILD}
10:18:15.967 [Worker-1] INFO  o.a.AndroidAnnotationProcessor:109 - Start processing for 1 annotations on 5 elements
10:18:15.979 [Worker-1] DEBUG o.a.h.AndroidManifestFinder:137 - AndroidManifest.xml file found in parent folder /Users/panjigautama/Development/workspace_hackathon/hackathon: /Users/panjigautama/Development/workspace_hackathon/hackathon/AndroidManifest.xml
10:18:15.981 [Worker-1] INFO  o.a.AndroidAnnotationProcessor:172 - AndroidManifest.xml found: AndroidManifest [applicationPackage=com.hackathon.pemilu, componentQualifiedNames=[com.hackathon.pemilu.MainActivity_], permissionQualifiedNames=[], applicationClassName=null, libraryProject=false, debugabble=false, minSdkVersion=14, maxSdkVersion=-1, targetSdkVersion=19]
10:18:15.982 [Worker-1] INFO  o.a.r.ProjectRClassFinder:50 - Found project R class: com.hackathon.pemilu.R
10:18:15.987 [Worker-1] INFO  o.a.r.AndroidRClassFinder:44 - Found Android class: android.R
10:18:15.992 [Worker-1] INFO  o.a.p.ModelValidator:42 - Validating elements
10:18:15.993 [Worker-1] DEBUG o.a.p.ModelValidator:62 - Validating with EActivityHandler: [com.hackathon.pemilu.MainActivity]
10:18:15.994 [Worker-1] INFO  o.a.p.ModelProcessor:73 - Processing root elements
10:18:15.995 [Worker-1] DEBUG o.a.p.ModelProcessor:80 - Processing root elements EActivityHandler: [com.hackathon.pemilu.MainActivity]
10:18:15.998 [Worker-1] INFO  o.a.p.ModelProcessor:104 - Processing enclosed elements
10:18:15.999 [Worker-1] INFO  o.a.AndroidAnnotationProcessor:251 - Number of files generated by AndroidAnnotations: 1
10:18:15.999 [Worker-1] INFO  o.a.g.ApiCodeGenerator:52 - Writting following API classes in project: []
10:18:15.999 [Worker-1] DEBUG o.a.g.SourceCodewriter:55 - Generating class: com.hackathon.pemilu.MainActivity_
10:18:16.4 [Worker-1] INFO  o.a.p.TimeStats:81 - Time measurements: [Whole Processing = 37 ms], [Extract Annotations = 11 ms], [Find R Classes = 10 ms], [Process Annotations = 5 ms], [Generate Sources = 5 ms], [Extract Manifest = 2 ms], [Validate Annotations = 2 ms], 
10:18:16.4 [Worker-1] INFO  o.a.AndroidAnnotationProcessor:123 - Finish processing
10:18:27.646 [Worker-2] INFO  o.a.AndroidAnnotationProcessor:85 - Initialize AndroidAnnotations 3.0.1 with options {phase=BUILD}
10:18:27.647 [Worker-2] INFO  o.a.AndroidAnnotationProcessor:109 - Start processing for 1 annotations on 5 elements
10:18:27.667 [Worker-2] DEBUG o.a.h.AndroidManifestFinder:137 - AndroidManifest.xml file found in parent folder /Users/panjigautama/Development/workspace_hackathon/hackathon: /Users/panjigautama/Development/workspace_hackathon/hackathon/AndroidManifest.xml
10:18:27.669 [Worker-2] INFO  o.a.AndroidAnnotationProcessor:172 - AndroidManifest.xml found: AndroidManifest [applicationPackage=com.hackathon.pemilu, componentQualifiedNames=[com.hackathon.pemilu.MainActivity_], permissionQualifiedNames=[], applicationClassName=null, libraryProject=false, debugabble=false, minSdkVersion=14, maxSdkVersion=-1, targetSdkVersion=19]
10:18:27.670 [Worker-2] INFO  o.a.r.ProjectRClassFinder:50 - Found project R class: com.hackathon.pemilu.R
10:18:27.675 [Worker-2] INFO  o.a.r.AndroidRClassFinder:44 - Found Android class: android.R
10:18:27.680 [Worker-2] INFO  o.a.p.ModelValidator:42 - Validating elements
10:18:27.680 [Worker-2] DEBUG o.a.p.ModelValidator:62 - Validating with EActivityHandler: [com.hackathon.pemilu.MainActivity]
10:18:27.681 [Worker-2] INFO  o.a.p.ModelProcessor:73 - Processing root elements
10:18:27.681 [Worker-2] DEBUG o.a.p.ModelProcessor:80 - Processing root elements EActivityHandler: [com.hackathon.pemilu.MainActivity]
10:18:27.684 [Worker-2] INFO  o.a.p.ModelProcessor:104 - Processing enclosed elements
10:18:27.685 [Worker-2] INFO  o.a.AndroidAnnotationProcessor:251 - Number of files generated by AndroidAnnotations: 1
10:18:27.685 [Worker-2] INFO  o.a.g.ApiCodeGenerator:52 - Writting following API classes in project: []
10:18:27.686 [Worker-2] DEBUG o.a.g.SourceCodewriter:55 - Generating class: com.hackathon.pemilu.MainActivity_
10:18:27.690 [Worker-2] INFO  o.a.p.TimeStats:81 - Time measurements: [Whole Processing = 43 ms], [Extract Annotations = 20 ms], [Find R Classes = 9 ms], [Generate Sources = 5 ms], [Process Annotations = 4 ms], [Extract Manifest = 2 ms], [Validate Annotations = 1 ms], 
10:18:27.691 [Worker-2] INFO  o.a.AndroidAnnotationProcessor:123 - Finish processing
10:18:29.760 [Worker-7] INFO  o.a.AndroidAnnotationProcessor:85 - Initialize AndroidAnnotations 3.0.1 with options {phase=BUILD}
10:18:29.762 [Worker-7] INFO  o.a.AndroidAnnotationProcessor:109 - Start processing for 1 annotations on 5 elements
10:18:29.776 [Worker-7] DEBUG o.a.h.AndroidManifestFinder:137 - AndroidManifest.xml file found in parent folder /Users/panjigautama/Development/workspace_hackathon/hackathon: /Users/panjigautama/Development/workspace_hackathon/hackathon/AndroidManifest.xml
10:18:29.778 [Worker-7] INFO  o.a.AndroidAnnotationProcessor:172 - AndroidManifest.xml found: AndroidManifest [applicationPackage=com.hackathon.pemilu, componentQualifiedNames=[com.hackathon.pemilu.MainActivity_], permissionQualifiedNames=[], applicationClassName=null, libraryProject=false, debugabble=false, minSdkVersion=14, maxSdkVersion=-1, targetSdkVersion=19]
10:18:29.779 [Worker-7] INFO  o.a.r.ProjectRClassFinder:50 - Found project R class: com.hackathon.pemilu.R
10:18:29.784 [Worker-7] INFO  o.a.r.AndroidRClassFinder:44 - Found Android class: android.R
10:18:29.788 [Worker-7] INFO  o.a.p.ModelValidator:42 - Validating elements
10:18:29.788 [Worker-7] DEBUG o.a.p.ModelValidator:62 - Validating with EActivityHandler: [com.hackathon.pemilu.MainActivity]
10:18:29.789 [Worker-7] INFO  o.a.p.ModelProcessor:73 - Processing root elements
10:18:29.790 [Worker-7] DEBUG o.a.p.ModelProcessor:80 - Processing root elements EActivityHandler: [com.hackathon.pemilu.MainActivity]
10:18:29.792 [Worker-7] INFO  o.a.p.ModelProcessor:104 - Processing enclosed elements
10:18:29.793 [Worker-7] INFO  o.a.AndroidAnnotationProcessor:251 - Number of files generated by AndroidAnnotations: 1
10:18:29.793 [Worker-7] INFO  o.a.g.ApiCodeGenerator:52 - Writting following API classes in project: []
10:18:29.793 [Worker-7] DEBUG o.a.g.SourceCodewriter:55 - Generating class: com.hackathon.pemilu.MainActivity_
10:18:29.798 [Worker-7] INFO  o.a.p.TimeStats:81 - Time measurements: [Whole Processing = 36 ms], [Extract Annotations = 13 ms], [Find R Classes = 9 ms], [Generate Sources = 5 ms], [Process Annotations = 4 ms], [Extract Manifest = 2 ms], [Validate Annotations = 1 ms], 
10:18:29.799 [Worker-7] INFO  o.a.AndroidAnnotationProcessor:123 - Finish processing
10:25:19.855 [Worker-3] INFO  o.a.AndroidAnnotationProcessor:85 - Initialize AndroidAnnotations 3.0.1 with options {phase=BUILD}
10:25:19.934 [Worker-3] INFO  o.a.AndroidAnnotationProcessor:109 - Start processing for 1 annotations on 5 elements
10:25:19.979 [Worker-3] DEBUG o.a.h.AndroidManifestFinder:137 - AndroidManifest.xml file found in parent folder /Users/panjigautama/Development/workspace_hackathon/hackathon: /Users/panjigautama/Development/workspace_hackathon/hackathon/AndroidManifest.xml
10:25:19.982 [Worker-3] INFO  o.a.AndroidAnnotationProcessor:172 - AndroidManifest.xml found: AndroidManifest [applicationPackage=com.hackathon.pemilu, componentQualifiedNames=[com.hackathon.pemilu.MainActivity_], permissionQualifiedNames=[], applicationClassName=null, libraryProject=false, debugabble=false, minSdkVersion=14, maxSdkVersion=-1, targetSdkVersion=19]
10:25:19.983 [Worker-3] INFO  o.a.r.ProjectRClassFinder:50 - Found project R class: com.hackathon.pemilu.R
10:25:19.997 [Worker-3] INFO  o.a.r.AndroidRClassFinder:44 - Found Android class: android.R
10:25:20.30 [Worker-3] INFO  o.a.p.ModelValidator:42 - Validating elements
10:25:20.31 [Worker-3] DEBUG o.a.p.ModelValidator:62 - Validating with EActivityHandler: [com.hackathon.pemilu.MainActivity]
10:25:20.49 [Worker-3] INFO  o.a.p.ModelProcessor:73 - Processing root elements
10:25:20.50 [Worker-3] DEBUG o.a.p.ModelProcessor:80 - Processing root elements EActivityHandler: [com.hackathon.pemilu.MainActivity]
10:25:20.77 [Worker-3] INFO  o.a.p.ModelProcessor:104 - Processing enclosed elements
10:25:20.78 [Worker-3] INFO  o.a.AndroidAnnotationProcessor:251 - Number of files generated by AndroidAnnotations: 1
10:25:20.81 [Worker-3] INFO  o.a.g.ApiCodeGenerator:52 - Writting following API classes in project: []
10:25:20.82 [Worker-3] DEBUG o.a.g.SourceCodewriter:55 - Generating class: com.hackathon.pemilu.MainActivity_
10:25:20.129 [Worker-3] INFO  o.a.p.TimeStats:81 - Time measurements: [Whole Processing = 195 ms], [Generate Sources = 51 ms], [Extract Annotations = 42 ms], [Process Annotations = 42 ms], [Find R Classes = 24 ms], [Validate Annotations = 6 ms], [Extract Manifest = 4 ms], 
10:25:20.130 [Worker-3] INFO  o.a.AndroidAnnotationProcessor:123 - Finish processing
10:25:21.859 [Worker-7] INFO  o.a.AndroidAnnotationProcessor:85 - Initialize AndroidAnnotations 3.0.1 with options {phase=BUILD}
10:25:21.860 [Worker-7] INFO  o.a.AndroidAnnotationProcessor:109 - Start processing for 1 annotations on 5 elements
10:25:21.873 [Worker-7] DEBUG o.a.h.AndroidManifestFinder:137 - AndroidManifest.xml file found in parent folder /Users/panjigautama/Development/workspace_hackathon/hackathon: /Users/panjigautama/Development/workspace_hackathon/hackathon/AndroidManifest.xml
10:25:21.875 [Worker-7] INFO  o.a.AndroidAnnotationProcessor:172 - AndroidManifest.xml found: AndroidManifest [applicationPackage=com.hackathon.pemilu, componentQualifiedNames=[com.hackathon.pemilu.MainActivity_], permissionQualifiedNames=[], applicationClassName=null, libraryProject=false, debugabble=false, minSdkVersion=14, maxSdkVersion=-1, targetSdkVersion=19]
10:25:21.876 [Worker-7] INFO  o.a.r.ProjectRClassFinder:50 - Found project R class: com.hackathon.pemilu.R
10:25:21.881 [Worker-7] INFO  o.a.r.AndroidRClassFinder:44 - Found Android class: android.R
10:25:21.886 [Worker-7] INFO  o.a.p.ModelValidator:42 - Validating elements
10:25:21.887 [Worker-7] DEBUG o.a.p.ModelValidator:62 - Validating with EActivityHandler: [com.hackathon.pemilu.MainActivity]
10:25:21.888 [Worker-7] INFO  o.a.p.ModelProcessor:73 - Processing root elements
10:25:21.888 [Worker-7] DEBUG o.a.p.ModelProcessor:80 - Processing root elements EActivityHandler: [com.hackathon.pemilu.MainActivity]
10:25:21.890 [Worker-7] INFO  o.a.p.ModelProcessor:104 - Processing enclosed elements
10:25:21.891 [Worker-7] INFO  o.a.AndroidAnnotationProcessor:251 - Number of files generated by AndroidAnnotations: 1
10:25:21.891 [Worker-7] INFO  o.a.g.ApiCodeGenerator:52 - Writting following API classes in project: []
10:25:21.891 [Worker-7] DEBUG o.a.g.SourceCodewriter:55 - Generating class: com.hackathon.pemilu.MainActivity_
10:25:21.895 [Worker-7] INFO  o.a.p.TimeStats:81 - Time measurements: [Whole Processing = 35 ms], [Extract Annotations = 12 ms], [Find R Classes = 10 ms], [Process Annotations = 4 ms], [Generate Sources = 4 ms], [Extract Manifest = 2 ms], [Validate Annotations = 1 ms], 
10:25:21.896 [Worker-7] INFO  o.a.AndroidAnnotationProcessor:123 - Finish processing
10:25:34.610 [Worker-8] INFO  o.a.AndroidAnnotationProcessor:85 - Initialize AndroidAnnotations 3.0.1 with options {phase=BUILD}
10:25:34.612 [Worker-8] INFO  o.a.AndroidAnnotationProcessor:109 - Start processing for 1 annotations on 5 elements
10:25:34.624 [Worker-8] DEBUG o.a.h.AndroidManifestFinder:137 - AndroidManifest.xml file found in parent folder /Users/panjigautama/Development/workspace_hackathon/hackathon: /Users/panjigautama/Development/workspace_hackathon/hackathon/AndroidManifest.xml
10:25:34.627 [Worker-8] INFO  o.a.AndroidAnnotationProcessor:172 - AndroidManifest.xml found: AndroidManifest [applicationPackage=com.hackathon.pemilu, componentQualifiedNames=[com.hackathon.pemilu.MainActivity_], permissionQualifiedNames=[], applicationClassName=null, libraryProject=false, debugabble=false, minSdkVersion=14, maxSdkVersion=-1, targetSdkVersion=19]
10:25:34.628 [Worker-8] INFO  o.a.r.ProjectRClassFinder:50 - Found project R class: com.hackathon.pemilu.R
10:25:34.635 [Worker-8] INFO  o.a.r.AndroidRClassFinder:44 - Found Android class: android.R
10:25:34.640 [Worker-8] INFO  o.a.p.ModelValidator:42 - Validating elements
10:25:34.640 [Worker-8] DEBUG o.a.p.ModelValidator:62 - Validating with EActivityHandler: [com.hackathon.pemilu.MainActivity]
10:25:34.642 [Worker-8] INFO  o.a.p.ModelProcessor:73 - Processing root elements
10:25:34.642 [Worker-8] DEBUG o.a.p.ModelProcessor:80 - Processing root elements EActivityHandler: [com.hackathon.pemilu.MainActivity]
10:25:34.647 [Worker-8] INFO  o.a.p.ModelProcessor:104 - Processing enclosed elements
10:25:34.647 [Worker-8] INFO  o.a.AndroidAnnotationProcessor:251 - Number of files generated by AndroidAnnotations: 1
10:25:34.648 [Worker-8] INFO  o.a.g.ApiCodeGenerator:52 - Writting following API classes in project: []
10:25:34.648 [Worker-8] DEBUG o.a.g.SourceCodewriter:55 - Generating class: com.hackathon.pemilu.MainActivity_
10:25:34.652 [Worker-8] INFO  o.a.p.TimeStats:81 - Time measurements: [Whole Processing = 40 ms], [Extract Annotations = 12 ms], [Find R Classes = 11 ms], [Process Annotations = 6 ms], [Generate Sources = 5 ms], [Extract Manifest = 3 ms], [Validate Annotations = 1 ms], 
10:25:34.653 [Worker-8] INFO  o.a.AndroidAnnotationProcessor:123 - Finish processing
10:25:36.897 [Worker-1] INFO  o.a.AndroidAnnotationProcessor:85 - Initialize AndroidAnnotations 3.0.1 with options {phase=BUILD}
10:25:36.899 [Worker-1] INFO  o.a.AndroidAnnotationProcessor:109 - Start processing for 1 annotations on 5 elements
10:25:36.916 [Worker-1] DEBUG o.a.h.AndroidManifestFinder:137 - AndroidManifest.xml file found in parent folder /Users/panjigautama/Development/workspace_hackathon/hackathon: /Users/panjigautama/Development/workspace_hackathon/hackathon/AndroidManifest.xml
10:25:36.919 [Worker-1] INFO  o.a.AndroidAnnotationProcessor:172 - AndroidManifest.xml found: AndroidManifest [applicationPackage=com.hackathon.pemilu, componentQualifiedNames=[com.hackathon.pemilu.MainActivity_], permissionQualifiedNames=[], applicationClassName=null, libraryProject=false, debugabble=false, minSdkVersion=14, maxSdkVersion=-1, targetSdkVersion=19]
10:25:36.919 [Worker-1] INFO  o.a.r.ProjectRClassFinder:50 - Found project R class: com.hackathon.pemilu.R
10:25:36.925 [Worker-1] INFO  o.a.r.AndroidRClassFinder:44 - Found Android class: android.R
10:25:36.943 [Worker-1] INFO  o.a.p.ModelValidator:42 - Validating elements
10:25:36.944 [Worker-1] DEBUG o.a.p.ModelValidator:62 - Validating with EActivityHandler: [com.hackathon.pemilu.MainActivity]
10:25:36.945 [Worker-1] INFO  o.a.p.ModelProcessor:73 - Processing root elements
10:25:36.946 [Worker-1] DEBUG o.a.p.ModelProcessor:80 - Processing root elements EActivityHandler: [com.hackathon.pemilu.MainActivity]
10:25:36.949 [Worker-1] INFO  o.a.p.ModelProcessor:104 - Processing enclosed elements
10:25:36.950 [Worker-1] INFO  o.a.AndroidAnnotationProcessor:251 - Number of files generated by AndroidAnnotations: 1
10:25:36.951 [Worker-1] INFO  o.a.g.ApiCodeGenerator:52 - Writting following API classes in project: []
10:25:36.951 [Worker-1] DEBUG o.a.g.SourceCodewriter:55 - Generating class: com.hackathon.pemilu.MainActivity_
10:25:36.957 [Worker-1] INFO  o.a.p.TimeStats:81 - Time measurements: [Whole Processing = 58 ms], [Find R Classes = 24 ms], [Extract Annotations = 16 ms], [Generate Sources = 7 ms], [Process Annotations = 5 ms], [Extract Manifest = 3 ms], [Validate Annotations = 2 ms], 
10:25:36.958 [Worker-1] INFO  o.a.AndroidAnnotationProcessor:123 - Finish processing
10:29:05.411 [Worker-2] INFO  o.a.AndroidAnnotationProcessor:85 - Initialize AndroidAnnotations 3.0.1 with options {phase=BUILD}
10:29:05.473 [Worker-2] INFO  o.a.AndroidAnnotationProcessor:109 - Start processing for 1 annotations on 5 elements
10:29:05.519 [Worker-2] DEBUG o.a.h.AndroidManifestFinder:137 - AndroidManifest.xml file found in parent folder /Users/panjigautama/Development/workspace_hackathon/hackathon: /Users/panjigautama/Development/workspace_hackathon/hackathon/AndroidManifest.xml
10:29:05.522 [Worker-2] INFO  o.a.AndroidAnnotationProcessor:172 - AndroidManifest.xml found: AndroidManifest [applicationPackage=com.hackathon.pemilu, componentQualifiedNames=[com.hackathon.pemilu.MainActivity_], permissionQualifiedNames=[], applicationClassName=null, libraryProject=false, debugabble=false, minSdkVersion=14, maxSdkVersion=-1, targetSdkVersion=19]
10:29:05.523 [Worker-2] INFO  o.a.r.ProjectRClassFinder:50 - Found project R class: com.hackathon.pemilu.R
10:29:05.537 [Worker-2] INFO  o.a.r.AndroidRClassFinder:44 - Found Android class: android.R
10:29:05.559 [Worker-2] INFO  o.a.p.ModelValidator:42 - Validating elements
10:29:05.560 [Worker-2] DEBUG o.a.p.ModelValidator:62 - Validating with EActivityHandler: [com.hackathon.pemilu.MainActivity]
10:29:05.573 [Worker-2] INFO  o.a.p.ModelProcessor:73 - Processing root elements
10:29:05.574 [Worker-2] DEBUG o.a.p.ModelProcessor:80 - Processing root elements EActivityHandler: [com.hackathon.pemilu.MainActivity]
10:29:05.597 [Worker-2] INFO  o.a.p.ModelProcessor:104 - Processing enclosed elements
10:29:05.598 [Worker-2] INFO  o.a.AndroidAnnotationProcessor:251 - Number of files generated by AndroidAnnotations: 1
10:29:05.600 [Worker-2] INFO  o.a.g.ApiCodeGenerator:52 - Writting following API classes in project: []
10:29:05.602 [Worker-2] DEBUG o.a.g.SourceCodewriter:55 - Generating class: com.hackathon.pemilu.MainActivity_
10:29:05.661 [Worker-2] INFO  o.a.p.TimeStats:81 - Time measurements: [Whole Processing = 188 ms], [Generate Sources = 63 ms], [Extract Annotations = 44 ms], [Process Annotations = 33 ms], [Find R Classes = 28 ms], [Validate Annotations = 5 ms], [Extract Manifest = 4 ms], 
10:29:05.662 [Worker-2] INFO  o.a.AndroidAnnotationProcessor:123 - Finish processing
10:29:06.994 [Worker-6] INFO  o.a.AndroidAnnotationProcessor:85 - Initialize AndroidAnnotations 3.0.1 with options {phase=BUILD}
10:29:06.995 [Worker-6] INFO  o.a.AndroidAnnotationProcessor:109 - Start processing for 1 annotations on 5 elements
10:29:07.7 [Worker-6] DEBUG o.a.h.AndroidManifestFinder:137 - AndroidManifest.xml file found in parent folder /Users/panjigautama/Development/workspace_hackathon/hackathon: /Users/panjigautama/Development/workspace_hackathon/hackathon/AndroidManifest.xml
10:29:07.9 [Worker-6] INFO  o.a.AndroidAnnotationProcessor:172 - AndroidManifest.xml found: AndroidManifest [applicationPackage=com.hackathon.pemilu, componentQualifiedNames=[com.hackathon.pemilu.MainActivity_], permissionQualifiedNames=[], applicationClassName=null, libraryProject=false, debugabble=false, minSdkVersion=14, maxSdkVersion=-1, targetSdkVersion=19]
10:29:07.9 [Worker-6] INFO  o.a.r.ProjectRClassFinder:50 - Found project R class: com.hackathon.pemilu.R
10:29:07.15 [Worker-6] INFO  o.a.r.AndroidRClassFinder:44 - Found Android class: android.R
10:29:07.19 [Worker-6] INFO  o.a.p.ModelValidator:42 - Validating elements
10:29:07.19 [Worker-6] DEBUG o.a.p.ModelValidator:62 - Validating with EActivityHandler: [com.hackathon.pemilu.MainActivity]
10:29:07.20 [Worker-6] INFO  o.a.p.ModelProcessor:73 - Processing root elements
10:29:07.20 [Worker-6] DEBUG o.a.p.ModelProcessor:80 - Processing root elements EActivityHandler: [com.hackathon.pemilu.MainActivity]
10:29:07.23 [Worker-6] INFO  o.a.p.ModelProcessor:104 - Processing enclosed elements
10:29:07.23 [Worker-6] INFO  o.a.AndroidAnnotationProcessor:251 - Number of files generated by AndroidAnnotations: 1
10:29:07.23 [Worker-6] INFO  o.a.g.ApiCodeGenerator:52 - Writting following API classes in project: []
10:29:07.24 [Worker-6] DEBUG o.a.g.SourceCodewriter:55 - Generating class: com.hackathon.pemilu.MainActivity_
10:29:07.28 [Worker-6] INFO  o.a.p.TimeStats:81 - Time measurements: [Whole Processing = 33 ms], [Extract Annotations = 11 ms], [Find R Classes = 10 ms], [Generate Sources = 5 ms], [Process Annotations = 3 ms], [Extract Manifest = 2 ms], [Validate Annotations = 1 ms], 
10:29:07.28 [Worker-6] INFO  o.a.AndroidAnnotationProcessor:123 - Finish processing
10:29:18.411 [Worker-0] INFO  o.a.AndroidAnnotationProcessor:85 - Initialize AndroidAnnotations 3.0.1 with options {phase=BUILD}
10:29:18.413 [Worker-0] INFO  o.a.AndroidAnnotationProcessor:109 - Start processing for 1 annotations on 5 elements
10:29:18.465 [Worker-0] DEBUG o.a.h.AndroidManifestFinder:137 - AndroidManifest.xml file found in parent folder /Users/panjigautama/Development/workspace_hackathon/hackathon: /Users/panjigautama/Development/workspace_hackathon/hackathon/AndroidManifest.xml
10:29:18.467 [Worker-0] INFO  o.a.AndroidAnnotationProcessor:172 - AndroidManifest.xml found: AndroidManifest [applicationPackage=com.hackathon.pemilu, componentQualifiedNames=[com.hackathon.pemilu.MainActivity_], permissionQualifiedNames=[], applicationClassName=null, libraryProject=false, debugabble=false, minSdkVersion=14, maxSdkVersion=-1, targetSdkVersion=19]
10:29:18.498 [Worker-0] INFO  o.a.r.ProjectRClassFinder:50 - Found project R class: com.hackathon.pemilu.R
10:29:18.510 [Worker-0] INFO  o.a.r.AndroidRClassFinder:44 - Found Android class: android.R
10:29:18.612 [Worker-0] INFO  o.a.p.ModelValidator:42 - Validating elements
10:29:18.671 [Worker-0] DEBUG o.a.p.ModelValidator:62 - Validating with EActivityHandler: [com.hackathon.pemilu.MainActivity]
10:29:18.675 [Worker-0] INFO  o.a.p.ModelProcessor:73 - Processing root elements
10:29:18.675 [Worker-0] DEBUG o.a.p.ModelProcessor:80 - Processing root elements EActivityHandler: [com.hackathon.pemilu.MainActivity]
10:29:18.679 [Worker-0] INFO  o.a.p.ModelProcessor:104 - Processing enclosed elements
10:29:18.680 [Worker-0] INFO  o.a.AndroidAnnotationProcessor:251 - Number of files generated by AndroidAnnotations: 1
10:29:18.680 [Worker-0] INFO  o.a.g.ApiCodeGenerator:52 - Writting following API classes in project: []
10:29:18.683 [Worker-0] DEBUG o.a.g.SourceCodewriter:55 - Generating class: com.hackathon.pemilu.MainActivity_
10:29:18.708 [Worker-0] INFO  o.a.p.TimeStats:81 - Time measurements: [Whole Processing = 295 ms], [Find R Classes = 114 ms], [Validate Annotations = 62 ms], [Generate Sources = 28 ms], [Extract Annotations = 26 ms], [Process Annotations = 6 ms], [Extract Manifest = 2 ms], 
10:29:18.709 [Worker-0] INFO  o.a.AndroidAnnotationProcessor:123 - Finish processing
10:29:21.276 [Worker-0] INFO  o.a.AndroidAnnotationProcessor:85 - Initialize AndroidAnnotations 3.0.1 with options {phase=BUILD}
10:29:21.277 [Worker-0] INFO  o.a.AndroidAnnotationProcessor:109 - Start processing for 1 annotations on 5 elements
10:29:21.298 [Worker-0] DEBUG o.a.h.AndroidManifestFinder:137 - AndroidManifest.xml file found in parent folder /Users/panjigautama/Development/workspace_hackathon/hackathon: /Users/panjigautama/Development/workspace_hackathon/hackathon/AndroidManifest.xml
10:29:21.301 [Worker-0] INFO  o.a.AndroidAnnotationProcessor:172 - AndroidManifest.xml found: AndroidManifest [applicationPackage=com.hackathon.pemilu, componentQualifiedNames=[com.hackathon.pemilu.MainActivity_], permissionQualifiedNames=[], applicationClassName=null, libraryProject=false, debugabble=false, minSdkVersion=14, maxSdkVersion=-1, targetSdkVersion=19]
10:29:21.301 [Worker-0] INFO  o.a.r.ProjectRClassFinder:50 - Found project R class: com.hackathon.pemilu.R
10:29:21.306 [Worker-0] INFO  o.a.r.AndroidRClassFinder:44 - Found Android class: android.R
10:29:21.319 [Worker-0] INFO  o.a.p.ModelValidator:42 - Validating elements
10:29:21.345 [Worker-0] DEBUG o.a.p.ModelValidator:62 - Validating with EActivityHandler: [com.hackathon.pemilu.MainActivity]
10:29:21.346 [Worker-0] INFO  o.a.p.ModelProcessor:73 - Processing root elements
10:29:21.385 [Worker-0] DEBUG o.a.p.ModelProcessor:80 - Processing root elements EActivityHandler: [com.hackathon.pemilu.MainActivity]
10:29:21.389 [Worker-0] INFO  o.a.p.ModelProcessor:104 - Processing enclosed elements
10:29:21.389 [Worker-0] INFO  o.a.AndroidAnnotationProcessor:251 - Number of files generated by AndroidAnnotations: 1
10:29:21.390 [Worker-0] INFO  o.a.g.ApiCodeGenerator:52 - Writting following API classes in project: []
10:29:21.390 [Worker-0] DEBUG o.a.g.SourceCodewriter:55 - Generating class: com.hackathon.pemilu.MainActivity_
10:29:21.397 [Worker-0] INFO  o.a.p.TimeStats:81 - Time measurements: [Whole Processing = 120 ms], [Process Annotations = 43 ms], [Validate Annotations = 27 ms], [Find R Classes = 18 ms], [Extract Annotations = 14 ms], [Generate Sources = 8 ms], [Extract Manifest = 3 ms], 
10:29:21.398 [Worker-0] INFO  o.a.AndroidAnnotationProcessor:123 - Finish processing
10:30:28.686 [Worker-3] INFO  o.a.AndroidAnnotationProcessor:85 - Initialize AndroidAnnotations 3.0.1 with options {phase=BUILD}
10:30:28.748 [Worker-3] INFO  o.a.AndroidAnnotationProcessor:109 - Start processing for 1 annotations on 5 elements
10:30:28.795 [Worker-3] DEBUG o.a.h.AndroidManifestFinder:137 - AndroidManifest.xml file found in parent folder /Users/panjigautama/Development/workspace_hackathon/hackathon: /Users/panjigautama/Development/workspace_hackathon/hackathon/AndroidManifest.xml
10:30:28.798 [Worker-3] INFO  o.a.AndroidAnnotationProcessor:172 - AndroidManifest.xml found: AndroidManifest [applicationPackage=com.hackathon.pemilu, componentQualifiedNames=[com.hackathon.pemilu.MainActivity_], permissionQualifiedNames=[], applicationClassName=null, libraryProject=false, debugabble=false, minSdkVersion=14, maxSdkVersion=-1, targetSdkVersion=19]
10:30:28.799 [Worker-3] INFO  o.a.r.ProjectRClassFinder:50 - Found project R class: com.hackathon.pemilu.R
10:30:28.817 [Worker-3] INFO  o.a.r.AndroidRClassFinder:44 - Found Android class: android.R
10:30:28.835 [Worker-3] INFO  o.a.p.ModelValidator:42 - Validating elements
10:30:28.836 [Worker-3] DEBUG o.a.p.ModelValidator:62 - Validating with EActivityHandler: [com.hackathon.pemilu.MainActivity]
10:30:28.849 [Worker-3] INFO  o.a.p.ModelProcessor:73 - Processing root elements
10:30:28.849 [Worker-3] DEBUG o.a.p.ModelProcessor:80 - Processing root elements EActivityHandler: [com.hackathon.pemilu.MainActivity]
10:30:28.873 [Worker-3] INFO  o.a.p.ModelProcessor:104 - Processing enclosed elements
10:30:28.874 [Worker-3] INFO  o.a.AndroidAnnotationProcessor:251 - Number of files generated by AndroidAnnotations: 1
10:30:28.876 [Worker-3] INFO  o.a.g.ApiCodeGenerator:52 - Writting following API classes in project: []
10:30:28.878 [Worker-3] DEBUG o.a.g.SourceCodewriter:55 - Generating class: com.hackathon.pemilu.MainActivity_
10:30:28.923 [Worker-3] INFO  o.a.p.TimeStats:81 - Time measurements: [Whole Processing = 174 ms], [Generate Sources = 48 ms], [Extract Annotations = 44 ms], [Process Annotations = 35 ms], [Find R Classes = 27 ms], [Extract Manifest = 5 ms], [Validate Annotations = 4 ms], 
10:30:28.923 [Worker-3] INFO  o.a.AndroidAnnotationProcessor:123 - Finish processing
10:30:30.916 [Worker-7] INFO  o.a.AndroidAnnotationProcessor:85 - Initialize AndroidAnnotations 3.0.1 with options {phase=BUILD}
10:30:30.917 [Worker-7] INFO  o.a.AndroidAnnotationProcessor:109 - Start processing for 1 annotations on 5 elements
10:30:30.932 [Worker-7] DEBUG o.a.h.AndroidManifestFinder:137 - AndroidManifest.xml file found in parent folder /Users/panjigautama/Development/workspace_hackathon/hackathon: /Users/panjigautama/Development/workspace_hackathon/hackathon/AndroidManifest.xml
10:30:30.935 [Worker-7] INFO  o.a.AndroidAnnotationProcessor:172 - AndroidManifest.xml found: AndroidManifest [applicationPackage=com.hackathon.pemilu, componentQualifiedNames=[com.hackathon.pemilu.MainActivity_], permissionQualifiedNames=[], applicationClassName=null, libraryProject=false, debugabble=false, minSdkVersion=14, maxSdkVersion=-1, targetSdkVersion=19]
10:30:30.935 [Worker-7] INFO  o.a.r.ProjectRClassFinder:50 - Found project R class: com.hackathon.pemilu.R
10:30:30.941 [Worker-7] INFO  o.a.r.AndroidRClassFinder:44 - Found Android class: android.R
10:30:30.947 [Worker-7] INFO  o.a.p.ModelValidator:42 - Validating elements
10:30:30.948 [Worker-7] DEBUG o.a.p.ModelValidator:62 - Validating with EActivityHandler: [com.hackathon.pemilu.MainActivity]
10:30:30.949 [Worker-7] INFO  o.a.p.ModelProcessor:73 - Processing root elements
10:30:30.950 [Worker-7] DEBUG o.a.p.ModelProcessor:80 - Processing root elements EActivityHandler: [com.hackathon.pemilu.MainActivity]
10:30:30.963 [Worker-7] INFO  o.a.p.ModelProcessor:104 - Processing enclosed elements
10:30:30.964 [Worker-7] INFO  o.a.AndroidAnnotationProcessor:251 - Number of files generated by AndroidAnnotations: 1
10:30:30.964 [Worker-7] INFO  o.a.g.ApiCodeGenerator:52 - Writting following API classes in project: []
10:30:30.965 [Worker-7] DEBUG o.a.g.SourceCodewriter:55 - Generating class: com.hackathon.pemilu.MainActivity_
10:30:30.971 [Worker-7] INFO  o.a.p.TimeStats:81 - Time measurements: [Whole Processing = 54 ms], [Process Annotations = 15 ms], [Extract Annotations = 14 ms], [Find R Classes = 12 ms], [Generate Sources = 7 ms], [Extract Manifest = 3 ms], [Validate Annotations = 2 ms], 
10:30:30.972 [Worker-7] INFO  o.a.AndroidAnnotationProcessor:123 - Finish processing
10:30:43.301 [Worker-0] INFO  o.a.AndroidAnnotationProcessor:85 - Initialize AndroidAnnotations 3.0.1 with options {phase=BUILD}
10:30:43.303 [Worker-0] INFO  o.a.AndroidAnnotationProcessor:109 - Start processing for 1 annotations on 5 elements
10:30:43.317 [Worker-0] DEBUG o.a.h.AndroidManifestFinder:137 - AndroidManifest.xml file found in parent folder /Users/panjigautama/Development/workspace_hackathon/hackathon: /Users/panjigautama/Development/workspace_hackathon/hackathon/AndroidManifest.xml
10:30:43.319 [Worker-0] INFO  o.a.AndroidAnnotationProcessor:172 - AndroidManifest.xml found: AndroidManifest [applicationPackage=com.hackathon.pemilu, componentQualifiedNames=[com.hackathon.pemilu.MainActivity_], permissionQualifiedNames=[], applicationClassName=null, libraryProject=false, debugabble=false, minSdkVersion=14, maxSdkVersion=-1, targetSdkVersion=19]
10:30:43.320 [Worker-0] INFO  o.a.r.ProjectRClassFinder:50 - Found project R class: com.hackathon.pemilu.R
10:30:43.335 [Worker-0] INFO  o.a.r.AndroidRClassFinder:44 - Found Android class: android.R
10:30:43.339 [Worker-0] INFO  o.a.p.ModelValidator:42 - Validating elements
10:30:43.340 [Worker-0] DEBUG o.a.p.ModelValidator:62 - Validating with EActivityHandler: [com.hackathon.pemilu.MainActivity]
10:30:43.340 [Worker-0] INFO  o.a.p.ModelProcessor:73 - Processing root elements
10:30:43.341 [Worker-0] DEBUG o.a.p.ModelProcessor:80 - Processing root elements EActivityHandler: [com.hackathon.pemilu.MainActivity]
10:30:43.343 [Worker-0] INFO  o.a.p.ModelProcessor:104 - Processing enclosed elements
10:30:43.344 [Worker-0] INFO  o.a.AndroidAnnotationProcessor:251 - Number of files generated by AndroidAnnotations: 1
10:30:43.344 [Worker-0] INFO  o.a.g.ApiCodeGenerator:52 - Writting following API classes in project: []
10:30:43.344 [Worker-0] DEBUG o.a.g.SourceCodewriter:55 - Generating class: com.hackathon.pemilu.MainActivity_
10:30:43.349 [Worker-0] INFO  o.a.p.TimeStats:81 - Time measurements: [Whole Processing = 46 ms], [Find R Classes = 19 ms], [Extract Annotations = 13 ms], [Generate Sources = 5 ms], [Process Annotations = 4 ms], [Extract Manifest = 2 ms], [Validate Annotations = 1 ms], 
10:30:43.350 [Worker-0] INFO  o.a.AndroidAnnotationProcessor:123 - Finish processing
10:30:46.34 [Worker-6] INFO  o.a.AndroidAnnotationProcessor:85 - Initialize AndroidAnnotations 3.0.1 with options {phase=BUILD}
10:30:46.35 [Worker-6] INFO  o.a.AndroidAnnotationProcessor:109 - Start processing for 1 annotations on 5 elements
10:30:46.58 [Worker-6] DEBUG o.a.h.AndroidManifestFinder:137 - AndroidManifest.xml file found in parent folder /Users/panjigautama/Development/workspace_hackathon/hackathon: /Users/panjigautama/Development/workspace_hackathon/hackathon/AndroidManifest.xml
10:30:46.61 [Worker-6] INFO  o.a.AndroidAnnotationProcessor:172 - AndroidManifest.xml found: AndroidManifest [applicationPackage=com.hackathon.pemilu, componentQualifiedNames=[com.hackathon.pemilu.MainActivity_], permissionQualifiedNames=[], applicationClassName=null, libraryProject=false, debugabble=false, minSdkVersion=14, maxSdkVersion=-1, targetSdkVersion=19]
10:30:46.62 [Worker-6] INFO  o.a.r.ProjectRClassFinder:50 - Found project R class: com.hackathon.pemilu.R
10:30:46.69 [Worker-6] INFO  o.a.r.AndroidRClassFinder:44 - Found Android class: android.R
10:30:46.73 [Worker-6] INFO  o.a.p.ModelValidator:42 - Validating elements
10:30:46.74 [Worker-6] DEBUG o.a.p.ModelValidator:62 - Validating with EActivityHandler: [com.hackathon.pemilu.MainActivity]
10:30:46.75 [Worker-6] INFO  o.a.p.ModelProcessor:73 - Processing root elements
10:30:46.75 [Worker-6] DEBUG o.a.p.ModelProcessor:80 - Processing root elements EActivityHandler: [com.hackathon.pemilu.MainActivity]
10:30:46.87 [Worker-6] INFO  o.a.p.ModelProcessor:104 - Processing enclosed elements
10:30:46.88 [Worker-6] INFO  o.a.AndroidAnnotationProcessor:251 - Number of files generated by AndroidAnnotations: 1
10:30:46.89 [Worker-6] INFO  o.a.g.ApiCodeGenerator:52 - Writting following API classes in project: []
10:30:46.89 [Worker-6] DEBUG o.a.g.SourceCodewriter:55 - Generating class: com.hackathon.pemilu.MainActivity_
10:30:46.93 [Worker-6] INFO  o.a.p.TimeStats:81 - Time measurements: [Whole Processing = 58 ms], [Extract Annotations = 22 ms], [Process Annotations = 13 ms], [Find R Classes = 12 ms], [Generate Sources = 5 ms], [Extract Manifest = 3 ms], [Validate Annotations = 2 ms], 
10:30:46.93 [Worker-6] INFO  o.a.AndroidAnnotationProcessor:123 - Finish processing
10:31:46.721 [Worker-2] INFO  o.a.AndroidAnnotationProcessor:85 - Initialize AndroidAnnotations 3.0.1 with options {phase=BUILD}
10:31:46.802 [Worker-2] INFO  o.a.AndroidAnnotationProcessor:109 - Start processing for 1 annotations on 5 elements
10:31:46.835 [Worker-2] DEBUG o.a.h.AndroidManifestFinder:137 - AndroidManifest.xml file found in parent folder /Users/panjigautama/Development/workspace_hackathon/hackathon: /Users/panjigautama/Development/workspace_hackathon/hackathon/AndroidManifest.xml
10:31:46.839 [Worker-2] INFO  o.a.AndroidAnnotationProcessor:172 - AndroidManifest.xml found: AndroidManifest [applicationPackage=com.hackathon.pemilu, componentQualifiedNames=[com.hackathon.pemilu.MainActivity_], permissionQualifiedNames=[], applicationClassName=null, libraryProject=false, debugabble=false, minSdkVersion=14, maxSdkVersion=-1, targetSdkVersion=19]
10:31:46.840 [Worker-2] INFO  o.a.r.ProjectRClassFinder:50 - Found project R class: com.hackathon.pemilu.R
10:31:46.853 [Worker-2] INFO  o.a.r.AndroidRClassFinder:44 - Found Android class: android.R
10:31:46.876 [Worker-2] INFO  o.a.p.ModelValidator:42 - Validating elements
10:31:46.876 [Worker-2] DEBUG o.a.p.ModelValidator:62 - Validating with EActivityHandler: [com.hackathon.pemilu.MainActivity]
10:31:46.889 [Worker-2] INFO  o.a.p.ModelProcessor:73 - Processing root elements
10:31:46.889 [Worker-2] DEBUG o.a.p.ModelProcessor:80 - Processing root elements EActivityHandler: [com.hackathon.pemilu.MainActivity]
10:31:46.922 [Worker-2] INFO  o.a.p.ModelProcessor:104 - Processing enclosed elements
10:31:46.923 [Worker-2] INFO  o.a.AndroidAnnotationProcessor:251 - Number of files generated by AndroidAnnotations: 1
10:31:46.925 [Worker-2] INFO  o.a.g.ApiCodeGenerator:52 - Writting following API classes in project: []
10:31:46.927 [Worker-2] DEBUG o.a.g.SourceCodewriter:55 - Generating class: com.hackathon.pemilu.MainActivity_
10:31:46.982 [Worker-2] INFO  o.a.p.TimeStats:81 - Time measurements: [Whole Processing = 180 ms], [Generate Sources = 59 ms], [Process Annotations = 43 ms], [Extract Annotations = 30 ms], [Find R Classes = 24 ms], [Extract Manifest = 5 ms], [Validate Annotations = 5 ms], 
10:31:46.983 [Worker-2] INFO  o.a.AndroidAnnotationProcessor:123 - Finish processing
10:31:48.349 [Worker-0] INFO  o.a.AndroidAnnotationProcessor:85 - Initialize AndroidAnnotations 3.0.1 with options {phase=BUILD}
10:31:48.351 [Worker-0] INFO  o.a.AndroidAnnotationProcessor:109 - Start processing for 1 annotations on 5 elements
10:31:48.365 [Worker-0] DEBUG o.a.h.AndroidManifestFinder:137 - AndroidManifest.xml file found in parent folder /Users/panjigautama/Development/workspace_hackathon/hackathon: /Users/panjigautama/Development/workspace_hackathon/hackathon/AndroidManifest.xml
10:31:48.367 [Worker-0] INFO  o.a.AndroidAnnotationProcessor:172 - AndroidManifest.xml found: AndroidManifest [applicationPackage=com.hackathon.pemilu, componentQualifiedNames=[com.hackathon.pemilu.MainActivity_], permissionQualifiedNames=[], applicationClassName=null, libraryProject=false, debugabble=false, minSdkVersion=14, maxSdkVersion=-1, targetSdkVersion=19]
10:31:48.367 [Worker-0] INFO  o.a.r.ProjectRClassFinder:50 - Found project R class: com.hackathon.pemilu.R
10:31:48.373 [Worker-0] INFO  o.a.r.AndroidRClassFinder:44 - Found Android class: android.R
10:31:48.377 [Worker-0] INFO  o.a.p.ModelValidator:42 - Validating elements
10:31:48.378 [Worker-0] DEBUG o.a.p.ModelValidator:62 - Validating with EActivityHandler: [com.hackathon.pemilu.MainActivity]
10:31:48.378 [Worker-0] INFO  o.a.p.ModelProcessor:73 - Processing root elements
10:31:48.379 [Worker-0] DEBUG o.a.p.ModelProcessor:80 - Processing root elements EActivityHandler: [com.hackathon.pemilu.MainActivity]
10:31:48.381 [Worker-0] INFO  o.a.p.ModelProcessor:104 - Processing enclosed elements
10:31:48.381 [Worker-0] INFO  o.a.AndroidAnnotationProcessor:251 - Number of files generated by AndroidAnnotations: 1
10:31:48.382 [Worker-0] INFO  o.a.g.ApiCodeGenerator:52 - Writting following API classes in project: []
10:31:48.382 [Worker-0] DEBUG o.a.g.SourceCodewriter:55 - Generating class: com.hackathon.pemilu.MainActivity_
10:31:48.386 [Worker-0] INFO  o.a.p.TimeStats:81 - Time measurements: [Whole Processing = 35 ms], [Extract Annotations = 13 ms], [Find R Classes = 10 ms], [Generate Sources = 5 ms], [Process Annotations = 3 ms], [Extract Manifest = 2 ms], [Validate Annotations = 1 ms], 
10:31:48.386 [Worker-0] INFO  o.a.AndroidAnnotationProcessor:123 - Finish processing
10:31:59.939 [Worker-1] INFO  o.a.AndroidAnnotationProcessor:85 - Initialize AndroidAnnotations 3.0.1 with options {phase=BUILD}
10:31:59.940 [Worker-1] INFO  o.a.AndroidAnnotationProcessor:109 - Start processing for 1 annotations on 5 elements
10:31:59.965 [Worker-1] DEBUG o.a.h.AndroidManifestFinder:137 - AndroidManifest.xml file found in parent folder /Users/panjigautama/Development/workspace_hackathon/hackathon: /Users/panjigautama/Development/workspace_hackathon/hackathon/AndroidManifest.xml
10:31:59.967 [Worker-1] INFO  o.a.AndroidAnnotationProcessor:172 - AndroidManifest.xml found: AndroidManifest [applicationPackage=com.hackathon.pemilu, componentQualifiedNames=[com.hackathon.pemilu.MainActivity_], permissionQualifiedNames=[], applicationClassName=null, libraryProject=false, debugabble=false, minSdkVersion=14, maxSdkVersion=-1, targetSdkVersion=19]
10:31:59.968 [Worker-1] INFO  o.a.r.ProjectRClassFinder:50 - Found project R class: com.hackathon.pemilu.R
10:31:59.973 [Worker-1] INFO  o.a.r.AndroidRClassFinder:44 - Found Android class: android.R
10:31:59.978 [Worker-1] INFO  o.a.p.ModelValidator:42 - Validating elements
10:31:59.978 [Worker-1] DEBUG o.a.p.ModelValidator:62 - Validating with EActivityHandler: [com.hackathon.pemilu.MainActivity]
10:31:59.980 [Worker-1] INFO  o.a.p.ModelProcessor:73 - Processing root elements
10:31:59.980 [Worker-1] DEBUG o.a.p.ModelProcessor:80 - Processing root elements EActivityHandler: [com.hackathon.pemilu.MainActivity]
10:31:59.984 [Worker-1] INFO  o.a.p.ModelProcessor:104 - Processing enclosed elements
10:31:59.985 [Worker-1] INFO  o.a.AndroidAnnotationProcessor:251 - Number of files generated by AndroidAnnotations: 1
10:31:59.985 [Worker-1] INFO  o.a.g.ApiCodeGenerator:52 - Writting following API classes in project: []
10:31:59.986 [Worker-1] DEBUG o.a.g.SourceCodewriter:55 - Generating class: com.hackathon.pemilu.MainActivity_
10:31:59.990 [Worker-1] INFO  o.a.p.TimeStats:81 - Time measurements: [Whole Processing = 50 ms], [Extract Annotations = 25 ms], [Find R Classes = 10 ms], [Generate Sources = 6 ms], [Process Annotations = 4 ms], [Extract Manifest = 2 ms], [Validate Annotations = 2 ms], 
10:31:59.991 [Worker-1] INFO  o.a.AndroidAnnotationProcessor:123 - Finish processing
10:32:02.124 [Worker-2] INFO  o.a.AndroidAnnotationProcessor:85 - Initialize AndroidAnnotations 3.0.1 with options {phase=BUILD}
10:32:02.126 [Worker-2] INFO  o.a.AndroidAnnotationProcessor:109 - Start processing for 1 annotations on 5 elements
10:32:02.137 [Worker-2] DEBUG o.a.h.AndroidManifestFinder:137 - AndroidManifest.xml file found in parent folder /Users/panjigautama/Development/workspace_hackathon/hackathon: /Users/panjigautama/Development/workspace_hackathon/hackathon/AndroidManifest.xml
10:32:02.139 [Worker-2] INFO  o.a.AndroidAnnotationProcessor:172 - AndroidManifest.xml found: AndroidManifest [applicationPackage=com.hackathon.pemilu, componentQualifiedNames=[com.hackathon.pemilu.MainActivity_], permissionQualifiedNames=[], applicationClassName=null, libraryProject=false, debugabble=false, minSdkVersion=14, maxSdkVersion=-1, targetSdkVersion=19]
10:32:02.139 [Worker-2] INFO  o.a.r.ProjectRClassFinder:50 - Found project R class: com.hackathon.pemilu.R
10:32:02.144 [Worker-2] INFO  o.a.r.AndroidRClassFinder:44 - Found Android class: android.R
10:32:02.148 [Worker-2] INFO  o.a.p.ModelValidator:42 - Validating elements
10:32:02.149 [Worker-2] DEBUG o.a.p.ModelValidator:62 - Validating with EActivityHandler: [com.hackathon.pemilu.MainActivity]
10:32:02.150 [Worker-2] INFO  o.a.p.ModelProcessor:73 - Processing root elements
10:32:02.150 [Worker-2] DEBUG o.a.p.ModelProcessor:80 - Processing root elements EActivityHandler: [com.hackathon.pemilu.MainActivity]
10:32:02.153 [Worker-2] INFO  o.a.p.ModelProcessor:104 - Processing enclosed elements
10:32:02.154 [Worker-2] INFO  o.a.AndroidAnnotationProcessor:251 - Number of files generated by AndroidAnnotations: 1
10:32:02.155 [Worker-2] INFO  o.a.g.ApiCodeGenerator:52 - Writting following API classes in project: []
10:32:02.155 [Worker-2] DEBUG o.a.g.SourceCodewriter:55 - Generating class: com.hackathon.pemilu.MainActivity_
10:32:02.159 [Worker-2] INFO  o.a.p.TimeStats:81 - Time measurements: [Whole Processing = 33 ms], [Extract Annotations = 11 ms], [Find R Classes = 9 ms], [Generate Sources = 5 ms], [Process Annotations = 4 ms], [Extract Manifest = 2 ms], [Validate Annotations = 2 ms], 
10:32:02.160 [Worker-2] INFO  o.a.AndroidAnnotationProcessor:123 - Finish processing
10:34:18.742 [Worker-0] INFO  o.a.AndroidAnnotationProcessor:85 - Initialize AndroidAnnotations 3.0.1 with options {phase=BUILD}
10:34:18.834 [Worker-0] INFO  o.a.AndroidAnnotationProcessor:109 - Start processing for 1 annotations on 5 elements
10:34:18.872 [Worker-0] DEBUG o.a.h.AndroidManifestFinder:137 - AndroidManifest.xml file found in parent folder /Users/panjigautama/Development/workspace_hackathon/hackathon: /Users/panjigautama/Development/workspace_hackathon/hackathon/AndroidManifest.xml
10:34:18.875 [Worker-0] INFO  o.a.AndroidAnnotationProcessor:172 - AndroidManifest.xml found: AndroidManifest [applicationPackage=com.hackathon.pemilu, componentQualifiedNames=[com.hackathon.pemilu.MainActivity_], permissionQualifiedNames=[], applicationClassName=null, libraryProject=false, debugabble=false, minSdkVersion=14, maxSdkVersion=-1, targetSdkVersion=19]
10:34:18.877 [Worker-0] INFO  o.a.r.ProjectRClassFinder:50 - Found project R class: com.hackathon.pemilu.R
10:34:18.895 [Worker-0] INFO  o.a.r.AndroidRClassFinder:44 - Found Android class: android.R
10:34:18.915 [Worker-0] INFO  o.a.p.ModelValidator:42 - Validating elements
10:34:18.916 [Worker-0] DEBUG o.a.p.ModelValidator:62 - Validating with EActivityHandler: [com.hackathon.pemilu.MainActivity]
10:34:18.928 [Worker-0] INFO  o.a.p.ModelProcessor:73 - Processing root elements
10:34:18.929 [Worker-0] DEBUG o.a.p.ModelProcessor:80 - Processing root elements EActivityHandler: [com.hackathon.pemilu.MainActivity]
10:34:18.953 [Worker-0] INFO  o.a.p.ModelProcessor:104 - Processing enclosed elements
10:34:18.955 [Worker-0] INFO  o.a.AndroidAnnotationProcessor:251 - Number of files generated by AndroidAnnotations: 1
10:34:18.958 [Worker-0] INFO  o.a.g.ApiCodeGenerator:52 - Writting following API classes in project: []
10:34:18.961 [Worker-0] DEBUG o.a.g.SourceCodewriter:55 - Generating class: com.hackathon.pemilu.MainActivity_
10:34:19.13 [Worker-0] INFO  o.a.p.TimeStats:81 - Time measurements: [Whole Processing = 179 ms], [Generate Sources = 59 ms], [Extract Annotations = 35 ms], [Process Annotations = 35 ms], [Find R Classes = 29 ms], [Extract Manifest = 5 ms], [Validate Annotations = 5 ms], 
10:34:19.14 [Worker-0] INFO  o.a.AndroidAnnotationProcessor:123 - Finish processing
10:34:20.280 [Worker-3] INFO  o.a.AndroidAnnotationProcessor:85 - Initialize AndroidAnnotations 3.0.1 with options {phase=BUILD}
10:34:20.282 [Worker-3] INFO  o.a.AndroidAnnotationProcessor:109 - Start processing for 1 annotations on 5 elements
10:34:20.301 [Worker-3] DEBUG o.a.h.AndroidManifestFinder:137 - AndroidManifest.xml file found in parent folder /Users/panjigautama/Development/workspace_hackathon/hackathon: /Users/panjigautama/Development/workspace_hackathon/hackathon/AndroidManifest.xml
10:34:20.303 [Worker-3] INFO  o.a.AndroidAnnotationProcessor:172 - AndroidManifest.xml found: AndroidManifest [applicationPackage=com.hackathon.pemilu, componentQualifiedNames=[com.hackathon.pemilu.MainActivity_], permissionQualifiedNames=[], applicationClassName=null, libraryProject=false, debugabble=false, minSdkVersion=14, maxSdkVersion=-1, targetSdkVersion=19]
10:34:20.303 [Worker-3] INFO  o.a.r.ProjectRClassFinder:50 - Found project R class: com.hackathon.pemilu.R
10:34:20.309 [Worker-3] INFO  o.a.r.AndroidRClassFinder:44 - Found Android class: android.R
10:34:20.314 [Worker-3] INFO  o.a.p.ModelValidator:42 - Validating elements
10:34:20.314 [Worker-3] DEBUG o.a.p.ModelValidator:62 - Validating with EActivityHandler: [com.hackathon.pemilu.MainActivity]
10:34:20.315 [Worker-3] INFO  o.a.p.ModelProcessor:73 - Processing root elements
10:34:20.316 [Worker-3] DEBUG o.a.p.ModelProcessor:80 - Processing root elements EActivityHandler: [com.hackathon.pemilu.MainActivity]
10:34:20.318 [Worker-3] INFO  o.a.p.ModelProcessor:104 - Processing enclosed elements
10:34:20.319 [Worker-3] INFO  o.a.AndroidAnnotationProcessor:251 - Number of files generated by AndroidAnnotations: 1
10:34:20.319 [Worker-3] INFO  o.a.g.ApiCodeGenerator:52 - Writting following API classes in project: []
10:34:20.320 [Worker-3] DEBUG o.a.g.SourceCodewriter:55 - Generating class: com.hackathon.pemilu.MainActivity_
10:34:20.324 [Worker-3] INFO  o.a.p.TimeStats:81 - Time measurements: [Whole Processing = 42 ms], [Extract Annotations = 18 ms], [Find R Classes = 11 ms], [Generate Sources = 5 ms], [Process Annotations = 4 ms], [Extract Manifest = 3 ms], [Validate Annotations = 1 ms], 
10:34:20.325 [Worker-3] INFO  o.a.AndroidAnnotationProcessor:123 - Finish processing
10:34:31.878 [Worker-5] INFO  o.a.AndroidAnnotationProcessor:85 - Initialize AndroidAnnotations 3.0.1 with options {phase=BUILD}
10:34:31.880 [Worker-5] INFO  o.a.AndroidAnnotationProcessor:109 - Start processing for 1 annotations on 5 elements
10:34:31.894 [Worker-5] DEBUG o.a.h.AndroidManifestFinder:137 - AndroidManifest.xml file found in parent folder /Users/panjigautama/Development/workspace_hackathon/hackathon: /Users/panjigautama/Development/workspace_hackathon/hackathon/AndroidManifest.xml
10:34:31.897 [Worker-5] INFO  o.a.AndroidAnnotationProcessor:172 - AndroidManifest.xml found: AndroidManifest [applicationPackage=com.hackathon.pemilu, componentQualifiedNames=[com.hackathon.pemilu.MainActivity_], permissionQualifiedNames=[], applicationClassName=null, libraryProject=false, debugabble=false, minSdkVersion=14, maxSdkVersion=-1, targetSdkVersion=19]
10:34:31.897 [Worker-5] INFO  o.a.r.ProjectRClassFinder:50 - Found project R class: com.hackathon.pemilu.R
10:34:31.905 [Worker-5] INFO  o.a.r.AndroidRClassFinder:44 - Found Android class: android.R
10:34:31.909 [Worker-5] INFO  o.a.p.ModelValidator:42 - Validating elements
10:34:31.910 [Worker-5] DEBUG o.a.p.ModelValidator:62 - Validating with EActivityHandler: [com.hackathon.pemilu.MainActivity]
10:34:31.911 [Worker-5] INFO  o.a.p.ModelProcessor:73 - Processing root elements
10:34:31.912 [Worker-5] DEBUG o.a.p.ModelProcessor:80 - Processing root elements EActivityHandler: [com.hackathon.pemilu.MainActivity]
10:34:31.915 [Worker-5] INFO  o.a.p.ModelProcessor:104 - Processing enclosed elements
10:34:31.915 [Worker-5] INFO  o.a.AndroidAnnotationProcessor:251 - Number of files generated by AndroidAnnotations: 1
10:34:31.916 [Worker-5] INFO  o.a.g.ApiCodeGenerator:52 - Writting following API classes in project: []
10:34:31.916 [Worker-5] DEBUG o.a.g.SourceCodewriter:55 - Generating class: com.hackathon.pemilu.MainActivity_
10:34:31.921 [Worker-5] INFO  o.a.p.TimeStats:81 - Time measurements: [Whole Processing = 42 ms], [Extract Annotations = 14 ms], [Find R Classes = 12 ms], [Generate Sources = 6 ms], [Process Annotations = 4 ms], [Extract Manifest = 3 ms], [Validate Annotations = 2 ms], 
10:34:31.922 [Worker-5] INFO  o.a.AndroidAnnotationProcessor:123 - Finish processing
10:34:34.415 [Worker-6] INFO  o.a.AndroidAnnotationProcessor:85 - Initialize AndroidAnnotations 3.0.1 with options {phase=BUILD}
10:34:34.417 [Worker-6] INFO  o.a.AndroidAnnotationProcessor:109 - Start processing for 1 annotations on 5 elements
10:34:34.431 [Worker-6] DEBUG o.a.h.AndroidManifestFinder:137 - AndroidManifest.xml file found in parent folder /Users/panjigautama/Development/workspace_hackathon/hackathon: /Users/panjigautama/Development/workspace_hackathon/hackathon/AndroidManifest.xml
10:34:34.433 [Worker-6] INFO  o.a.AndroidAnnotationProcessor:172 - AndroidManifest.xml found: AndroidManifest [applicationPackage=com.hackathon.pemilu, componentQualifiedNames=[com.hackathon.pemilu.MainActivity_], permissionQualifiedNames=[], applicationClassName=null, libraryProject=false, debugabble=false, minSdkVersion=14, maxSdkVersion=-1, targetSdkVersion=19]
10:34:34.434 [Worker-6] INFO  o.a.r.ProjectRClassFinder:50 - Found project R class: com.hackathon.pemilu.R
10:34:34.442 [Worker-6] INFO  o.a.r.AndroidRClassFinder:44 - Found Android class: android.R
10:34:34.447 [Worker-6] INFO  o.a.p.ModelValidator:42 - Validating elements
10:34:34.447 [Worker-6] DEBUG o.a.p.ModelValidator:62 - Validating with EActivityHandler: [com.hackathon.pemilu.MainActivity]
10:34:34.448 [Worker-6] INFO  o.a.p.ModelProcessor:73 - Processing root elements
10:34:34.449 [Worker-6] DEBUG o.a.p.ModelProcessor:80 - Processing root elements EActivityHandler: [com.hackathon.pemilu.MainActivity]
10:34:34.452 [Worker-6] INFO  o.a.p.ModelProcessor:104 - Processing enclosed elements
10:34:34.453 [Worker-6] INFO  o.a.AndroidAnnotationProcessor:251 - Number of files generated by AndroidAnnotations: 1
10:34:34.454 [Worker-6] INFO  o.a.g.ApiCodeGenerator:52 - Writting following API classes in project: []
10:34:34.454 [Worker-6] DEBUG o.a.g.SourceCodewriter:55 - Generating class: com.hackathon.pemilu.MainActivity_
10:34:34.459 [Worker-6] INFO  o.a.p.TimeStats:81 - Time measurements: [Whole Processing = 42 ms], [Find R Classes = 13 ms], [Extract Annotations = 12 ms], [Generate Sources = 6 ms], [Process Annotations = 5 ms], [Extract Manifest = 3 ms], [Validate Annotations = 1 ms], 
10:34:34.460 [Worker-6] INFO  o.a.AndroidAnnotationProcessor:123 - Finish processing
10:40:32.456 [Worker-0] INFO  o.a.AndroidAnnotationProcessor:85 - Initialize AndroidAnnotations 3.0.1 with options {phase=BUILD}
10:40:32.548 [Worker-0] INFO  o.a.AndroidAnnotationProcessor:109 - Start processing for 1 annotations on 5 elements
10:40:32.596 [Worker-0] DEBUG o.a.h.AndroidManifestFinder:137 - AndroidManifest.xml file found in parent folder /Users/panjigautama/Development/workspace_hackathon/hackathon: /Users/panjigautama/Development/workspace_hackathon/hackathon/AndroidManifest.xml
10:40:32.870 [Worker-0] INFO  o.a.AndroidAnnotationProcessor:172 - AndroidManifest.xml found: AndroidManifest [applicationPackage=com.hackathon.pemilu, componentQualifiedNames=[com.hackathon.pemilu.MainActivity_], permissionQualifiedNames=[], applicationClassName=null, libraryProject=false, debugabble=false, minSdkVersion=14, maxSdkVersion=-1, targetSdkVersion=19]
10:40:33.226 [Worker-0] INFO  o.a.r.ProjectRClassFinder:50 - Found project R class: com.hackathon.pemilu.R
10:40:33.794 [Worker-0] INFO  o.a.r.AndroidRClassFinder:44 - Found Android class: android.R
10:40:34.270 [Worker-0] INFO  o.a.p.ModelValidator:42 - Validating elements
10:40:34.271 [Worker-0] DEBUG o.a.p.ModelValidator:62 - Validating with EActivityHandler: [com.hackathon.pemilu.MainActivity]
10:40:34.288 [Worker-0] INFO  o.a.p.ModelProcessor:73 - Processing root elements
10:40:34.288 [Worker-0] DEBUG o.a.p.ModelProcessor:80 - Processing root elements EActivityHandler: [com.hackathon.pemilu.MainActivity]
10:40:34.604 [Worker-0] INFO  o.a.p.ModelProcessor:104 - Processing enclosed elements
10:40:34.605 [Worker-0] INFO  o.a.AndroidAnnotationProcessor:251 - Number of files generated by AndroidAnnotations: 1
10:40:34.607 [Worker-0] INFO  o.a.g.ApiCodeGenerator:52 - Writting following API classes in project: []
10:40:34.609 [Worker-0] DEBUG o.a.g.SourceCodewriter:55 - Generating class: com.hackathon.pemilu.MainActivity_
10:40:34.639 [Worker-0] INFO  o.a.p.TimeStats:81 - Time measurements: [Whole Processing = 2092 ms], [Find R Classes = 1032 ms], [Process Annotations = 329 ms], [Extract Manifest = 276 ms], [Extract Annotations = 46 ms], [Generate Sources = 34 ms], [Validate Annotations = 7 ms], 
10:40:34.639 [Worker-0] INFO  o.a.AndroidAnnotationProcessor:123 - Finish processing
10:40:36.929 [Worker-4] INFO  o.a.AndroidAnnotationProcessor:85 - Initialize AndroidAnnotations 3.0.1 with options {phase=BUILD}
10:40:36.930 [Worker-4] INFO  o.a.AndroidAnnotationProcessor:109 - Start processing for 1 annotations on 5 elements
10:40:36.945 [Worker-4] DEBUG o.a.h.AndroidManifestFinder:137 - AndroidManifest.xml file found in parent folder /Users/panjigautama/Development/workspace_hackathon/hackathon: /Users/panjigautama/Development/workspace_hackathon/hackathon/AndroidManifest.xml
10:40:36.947 [Worker-4] INFO  o.a.AndroidAnnotationProcessor:172 - AndroidManifest.xml found: AndroidManifest [applicationPackage=com.hackathon.pemilu, componentQualifiedNames=[com.hackathon.pemilu.MainActivity_], permissionQualifiedNames=[], applicationClassName=null, libraryProject=false, debugabble=false, minSdkVersion=14, maxSdkVersion=-1, targetSdkVersion=19]
10:40:36.948 [Worker-4] INFO  o.a.r.ProjectRClassFinder:50 - Found project R class: com.hackathon.pemilu.R
10:40:36.955 [Worker-4] INFO  o.a.r.AndroidRClassFinder:44 - Found Android class: android.R
10:40:36.962 [Worker-4] INFO  o.a.p.ModelValidator:42 - Validating elements
10:40:36.963 [Worker-4] DEBUG o.a.p.ModelValidator:62 - Validating with EActivityHandler: [com.hackathon.pemilu.MainActivity]
10:40:36.964 [Worker-4] INFO  o.a.p.ModelProcessor:73 - Processing root elements
10:40:36.965 [Worker-4] DEBUG o.a.p.ModelProcessor:80 - Processing root elements EActivityHandler: [com.hackathon.pemilu.MainActivity]
10:40:36.969 [Worker-4] INFO  o.a.p.ModelProcessor:104 - Processing enclosed elements
10:40:36.969 [Worker-4] INFO  o.a.AndroidAnnotationProcessor:251 - Number of files generated by AndroidAnnotations: 1
10:40:36.970 [Worker-4] INFO  o.a.g.ApiCodeGenerator:52 - Writting following API classes in project: []
10:40:36.970 [Worker-4] DEBUG o.a.g.SourceCodewriter:55 - Generating class: com.hackathon.pemilu.MainActivity_
10:40:36.975 [Worker-4] INFO  o.a.p.TimeStats:81 - Time measurements: [Whole Processing = 45 ms], [Extract Annotations = 14 ms], [Find R Classes = 14 ms], [Generate Sources = 6 ms], [Process Annotations = 5 ms], [Extract Manifest = 2 ms], [Validate Annotations = 2 ms], 
10:40:36.975 [Worker-4] INFO  o.a.AndroidAnnotationProcessor:123 - Finish processing
10:40:49.365 [Worker-4] INFO  o.a.AndroidAnnotationProcessor:85 - Initialize AndroidAnnotations 3.0.1 with options {phase=BUILD}
10:40:49.366 [Worker-4] INFO  o.a.AndroidAnnotationProcessor:109 - Start processing for 1 annotations on 5 elements
10:40:49.388 [Worker-4] DEBUG o.a.h.AndroidManifestFinder:137 - AndroidManifest.xml file found in parent folder /Users/panjigautama/Development/workspace_hackathon/hackathon: /Users/panjigautama/Development/workspace_hackathon/hackathon/AndroidManifest.xml
10:40:49.390 [Worker-4] INFO  o.a.AndroidAnnotationProcessor:172 - AndroidManifest.xml found: AndroidManifest [applicationPackage=com.hackathon.pemilu, componentQualifiedNames=[com.hackathon.pemilu.MainActivity_], permissionQualifiedNames=[], applicationClassName=null, libraryProject=false, debugabble=false, minSdkVersion=14, maxSdkVersion=-1, targetSdkVersion=19]
10:40:49.391 [Worker-4] INFO  o.a.r.ProjectRClassFinder:50 - Found project R class: com.hackathon.pemilu.R
10:40:49.397 [Worker-4] INFO  o.a.r.AndroidRClassFinder:44 - Found Android class: android.R
10:40:49.403 [Worker-4] INFO  o.a.p.ModelValidator:42 - Validating elements
10:40:49.404 [Worker-4] DEBUG o.a.p.ModelValidator:62 - Validating with EActivityHandler: [com.hackathon.pemilu.MainActivity]
10:40:49.405 [Worker-4] INFO  o.a.p.ModelProcessor:73 - Processing root elements
10:40:49.405 [Worker-4] DEBUG o.a.p.ModelProcessor:80 - Processing root elements EActivityHandler: [com.hackathon.pemilu.MainActivity]
10:40:49.408 [Worker-4] INFO  o.a.p.ModelProcessor:104 - Processing enclosed elements
10:40:49.409 [Worker-4] INFO  o.a.AndroidAnnotationProcessor:251 - Number of files generated by AndroidAnnotations: 1
10:40:49.409 [Worker-4] INFO  o.a.g.ApiCodeGenerator:52 - Writting following API classes in project: []
10:40:49.410 [Worker-4] DEBUG o.a.g.SourceCodewriter:55 - Generating class: com.hackathon.pemilu.MainActivity_
10:40:49.414 [Worker-4] INFO  o.a.p.TimeStats:81 - Time measurements: [Whole Processing = 48 ms], [Extract Annotations = 22 ms], [Find R Classes = 12 ms], [Generate Sources = 5 ms], [Process Annotations = 4 ms], [Extract Manifest = 2 ms], [Validate Annotations = 2 ms], 
10:40:49.415 [Worker-4] INFO  o.a.AndroidAnnotationProcessor:123 - Finish processing
10:40:51.704 [Worker-3] INFO  o.a.AndroidAnnotationProcessor:85 - Initialize AndroidAnnotations 3.0.1 with options {phase=BUILD}
10:40:51.705 [Worker-3] INFO  o.a.AndroidAnnotationProcessor:109 - Start processing for 1 annotations on 5 elements
10:40:51.717 [Worker-3] DEBUG o.a.h.AndroidManifestFinder:137 - AndroidManifest.xml file found in parent folder /Users/panjigautama/Development/workspace_hackathon/hackathon: /Users/panjigautama/Development/workspace_hackathon/hackathon/AndroidManifest.xml
10:40:51.719 [Worker-3] INFO  o.a.AndroidAnnotationProcessor:172 - AndroidManifest.xml found: AndroidManifest [applicationPackage=com.hackathon.pemilu, componentQualifiedNames=[com.hackathon.pemilu.MainActivity_], permissionQualifiedNames=[], applicationClassName=null, libraryProject=false, debugabble=false, minSdkVersion=14, maxSdkVersion=-1, targetSdkVersion=19]
10:40:51.720 [Worker-3] INFO  o.a.r.ProjectRClassFinder:50 - Found project R class: com.hackathon.pemilu.R
10:40:51.725 [Worker-3] INFO  o.a.r.AndroidRClassFinder:44 - Found Android class: android.R
10:40:51.731 [Worker-3] INFO  o.a.p.ModelValidator:42 - Validating elements
10:40:51.731 [Worker-3] DEBUG o.a.p.ModelValidator:62 - Validating with EActivityHandler: [com.hackathon.pemilu.MainActivity]
10:40:51.732 [Worker-3] INFO  o.a.p.ModelProcessor:73 - Processing root elements
10:40:51.733 [Worker-3] DEBUG o.a.p.ModelProcessor:80 - Processing root elements EActivityHandler: [com.hackathon.pemilu.MainActivity]
10:40:51.735 [Worker-3] INFO  o.a.p.ModelProcessor:104 - Processing enclosed elements
10:40:51.737 [Worker-3] INFO  o.a.AndroidAnnotationProcessor:251 - Number of files generated by AndroidAnnotations: 1
10:40:51.737 [Worker-3] INFO  o.a.g.ApiCodeGenerator:52 - Writting following API classes in project: []
10:40:51.738 [Worker-3] DEBUG o.a.g.SourceCodewriter:55 - Generating class: com.hackathon.pemilu.MainActivity_
10:40:51.742 [Worker-3] INFO  o.a.p.TimeStats:81 - Time measurements: [Whole Processing = 37 ms], [Extract Annotations = 12 ms], [Find R Classes = 11 ms], [Process Annotations = 5 ms], [Generate Sources = 5 ms], [Extract Manifest = 2 ms], [Validate Annotations = 1 ms], 
10:40:51.743 [Worker-3] INFO  o.a.AndroidAnnotationProcessor:123 - Finish processing
12:56:43.238 [Worker-0] INFO  o.a.AndroidAnnotationProcessor:85 - Initialize AndroidAnnotations 3.0.1 with options {phase=BUILD}
12:56:46.629 [Worker-0] INFO  o.a.AndroidAnnotationProcessor:109 - Start processing for 1 annotations on 5 elements
12:56:49.516 [Worker-0] DEBUG o.a.h.AndroidManifestFinder:137 - AndroidManifest.xml file found in parent folder /Users/panjigautama/Development/workspace_hackathon/hackathon: /Users/panjigautama/Development/workspace_hackathon/hackathon/AndroidManifest.xml
12:56:49.575 [Worker-0] INFO  o.a.AndroidAnnotationProcessor:172 - AndroidManifest.xml found: AndroidManifest [applicationPackage=com.hackathon.pemilu, componentQualifiedNames=[com.hackathon.pemilu.MainActivity_], permissionQualifiedNames=[], applicationClassName=null, libraryProject=false, debugabble=false, minSdkVersion=14, maxSdkVersion=-1, targetSdkVersion=19]
12:56:49.576 [Worker-0] INFO  o.a.r.ProjectRClassFinder:50 - Found project R class: com.hackathon.pemilu.R
12:56:49.721 [Worker-0] INFO  o.a.r.AndroidRClassFinder:44 - Found Android class: android.R
12:56:50.265 [Worker-0] INFO  o.a.p.ModelValidator:42 - Validating elements
12:56:50.266 [Worker-0] DEBUG o.a.p.ModelValidator:62 - Validating with EActivityHandler: [com.hackathon.pemilu.MainActivity]
12:56:50.453 [Worker-0] INFO  o.a.p.ModelProcessor:73 - Processing root elements
12:56:50.469 [Worker-0] DEBUG o.a.p.ModelProcessor:80 - Processing root elements EActivityHandler: [com.hackathon.pemilu.MainActivity]
12:56:50.826 [Worker-0] INFO  o.a.p.ModelProcessor:104 - Processing enclosed elements
12:56:50.861 [Worker-0] INFO  o.a.AndroidAnnotationProcessor:251 - Number of files generated by AndroidAnnotations: 1
12:56:50.894 [Worker-0] INFO  o.a.g.ApiCodeGenerator:52 - Writting following API classes in project: []
12:56:50.978 [Worker-0] DEBUG o.a.g.SourceCodewriter:55 - Generating class: com.hackathon.pemilu.MainActivity_
12:56:51.64 [Worker-0] INFO  o.a.p.TimeStats:81 - Time measurements: [Whole Processing = 4434 ms], [Extract Annotations = 2800 ms], [Process Annotations = 589 ms], [Find R Classes = 385 ms], [Generate Sources = 203 ms], [Extract Manifest = 131 ms], [Validate Annotations = 35 ms], 
12:56:51.167 [Worker-0] INFO  o.a.AndroidAnnotationProcessor:123 - Finish processing
12:59:06.986 [Worker-5] INFO  o.a.AndroidAnnotationProcessor:85 - Initialize AndroidAnnotations 3.0.1 with options {phase=BUILD}
12:59:06.988 [Worker-5] INFO  o.a.AndroidAnnotationProcessor:109 - Start processing for 1 annotations on 5 elements
12:59:07.4 [Worker-5] DEBUG o.a.h.AndroidManifestFinder:137 - AndroidManifest.xml file found in parent folder /Users/panjigautama/Development/workspace_hackathon/hackathon: /Users/panjigautama/Development/workspace_hackathon/hackathon/AndroidManifest.xml
12:59:07.6 [Worker-5] INFO  o.a.AndroidAnnotationProcessor:172 - AndroidManifest.xml found: AndroidManifest [applicationPackage=com.hackathon.pemilu, componentQualifiedNames=[com.hackathon.pemilu.MainActivity_], permissionQualifiedNames=[], applicationClassName=null, libraryProject=false, debugabble=false, minSdkVersion=14, maxSdkVersion=-1, targetSdkVersion=19]
12:59:07.7 [Worker-5] INFO  o.a.r.ProjectRClassFinder:50 - Found project R class: com.hackathon.pemilu.R
12:59:07.20 [Worker-5] INFO  o.a.r.AndroidRClassFinder:44 - Found Android class: android.R
12:59:07.24 [Worker-5] INFO  o.a.p.ModelValidator:42 - Validating elements
12:59:07.24 [Worker-5] DEBUG o.a.p.ModelValidator:62 - Validating with EActivityHandler: [com.hackathon.pemilu.MainActivity]
12:59:07.25 [Worker-5] INFO  o.a.p.ModelProcessor:73 - Processing root elements
12:59:07.26 [Worker-5] DEBUG o.a.p.ModelProcessor:80 - Processing root elements EActivityHandler: [com.hackathon.pemilu.MainActivity]
12:59:07.28 [Worker-5] INFO  o.a.p.ModelProcessor:104 - Processing enclosed elements
12:59:07.29 [Worker-5] INFO  o.a.AndroidAnnotationProcessor:251 - Number of files generated by AndroidAnnotations: 1
12:59:07.29 [Worker-5] INFO  o.a.g.ApiCodeGenerator:52 - Writting following API classes in project: []
12:59:07.30 [Worker-5] DEBUG o.a.g.SourceCodewriter:55 - Generating class: com.hackathon.pemilu.MainActivity_
12:59:07.34 [Worker-5] INFO  o.a.p.TimeStats:81 - Time measurements: [Whole Processing = 46 ms], [Find R Classes = 17 ms], [Extract Annotations = 16 ms], [Generate Sources = 5 ms], [Process Annotations = 4 ms], [Extract Manifest = 2 ms], [Validate Annotations = 1 ms], 
12:59:07.34 [Worker-5] INFO  o.a.AndroidAnnotationProcessor:123 - Finish processing
12:59:09.698 [Worker-5] INFO  o.a.AndroidAnnotationProcessor:85 - Initialize AndroidAnnotations 3.0.1 with options {phase=BUILD}
12:59:09.699 [Worker-5] INFO  o.a.AndroidAnnotationProcessor:109 - Start processing for 1 annotations on 5 elements
12:59:09.714 [Worker-5] DEBUG o.a.h.AndroidManifestFinder:137 - AndroidManifest.xml file found in parent folder /Users/panjigautama/Development/workspace_hackathon/hackathon: /Users/panjigautama/Development/workspace_hackathon/hackathon/AndroidManifest.xml
12:59:09.716 [Worker-5] INFO  o.a.AndroidAnnotationProcessor:172 - AndroidManifest.xml found: AndroidManifest [applicationPackage=com.hackathon.pemilu, componentQualifiedNames=[com.hackathon.pemilu.MainActivity_], permissionQualifiedNames=[], applicationClassName=null, libraryProject=false, debugabble=false, minSdkVersion=14, maxSdkVersion=-1, targetSdkVersion=19]
12:59:09.716 [Worker-5] INFO  o.a.r.ProjectRClassFinder:50 - Found project R class: com.hackathon.pemilu.R
12:59:09.722 [Worker-5] INFO  o.a.r.AndroidRClassFinder:44 - Found Android class: android.R
12:59:09.726 [Worker-5] INFO  o.a.p.ModelValidator:42 - Validating elements
12:59:09.727 [Worker-5] DEBUG o.a.p.ModelValidator:62 - Validating with EActivityHandler: [com.hackathon.pemilu.MainActivity]
12:59:09.728 [Worker-5] INFO  o.a.p.ModelProcessor:73 - Processing root elements
12:59:09.729 [Worker-5] DEBUG o.a.p.ModelProcessor:80 - Processing root elements EActivityHandler: [com.hackathon.pemilu.MainActivity]
12:59:09.732 [Worker-5] INFO  o.a.p.ModelProcessor:104 - Processing enclosed elements
12:59:09.733 [Worker-5] INFO  o.a.AndroidAnnotationProcessor:251 - Number of files generated by AndroidAnnotations: 1
12:59:09.733 [Worker-5] INFO  o.a.g.ApiCodeGenerator:52 - Writting following API classes in project: []
12:59:09.734 [Worker-5] DEBUG o.a.g.SourceCodewriter:55 - Generating class: com.hackathon.pemilu.MainActivity_
12:59:09.739 [Worker-5] INFO  o.a.p.TimeStats:81 - Time measurements: [Whole Processing = 40 ms], [Extract Annotations = 14 ms], [Find R Classes = 10 ms], [Generate Sources = 6 ms], [Process Annotations = 5 ms], [Extract Manifest = 2 ms], [Validate Annotations = 2 ms], 
12:59:09.740 [Worker-5] INFO  o.a.AndroidAnnotationProcessor:123 - Finish processing
